<?xml version="1.0" encoding="UTF-8"?>
<!-- Generated by org.testng.reporters.JUnitXMLReporter -->
<testsuite ignored="0" hostname="DESKTOP-H2H1S22" failures="0" tests="4" name="Default test" time="81.624" errors="0" timestamp="2020-08-24T10:01:07 IST">
  <testcase classname="com.SoftSuave.BustelSpotTest.ActivityPageStatusTest" name="getActivityTextTotalActivity" time="0.13"/>
  <testcase classname="com.SoftSuave.BustelSpotTest.ActivityPageStatusTest" name="getActivityTextTotalBillableHours" time="0.031"/>
  <testcase classname="com.SoftSuave.BustelSpotTest.ActivityPageStatusTest" name="getActivityTextTotalHours" time="0.026"/>
  <testcase classname="com.SoftSuave.BustelSpotTest.ActivityPageStatusTest" name="getActivityTextTotalNoofUsers" time="0.026"/>
</testsuite> <!-- Default test -->
