<?xml version="1.0" encoding="UTF-8"?>
<!-- Generated by org.testng.reporters.JUnitXMLReporter -->
<testsuite ignored="22" hostname="DESKTOP-H2H1S22" failures="36" tests="48" name="Test" time="206.7" errors="0" timestamp="2020-08-24T10:05:22 IST">
  <testcase classname="com.SoftSuave.BustelSpotTest.ProjectFunctionalityTest" name="@BeforeMethod clickOnProjectBeforeAllMethod" time="10.283">
    <failure type="org.openqa.selenium.NoSuchElementException" message="no such element: Unable to locate element: {&amp;quot;method&amp;quot;:&amp;quot;xpath&amp;quot;,&amp;quot;selector&amp;quot;:&amp;quot;//input[@placeholder=&amp;apos;Enter your email address&amp;apos;]&amp;quot;}
  (Session info: chrome=83.0.4103.116)
For documentation on this error, please visit: https://www.seleniumhq.org/exceptions/no_such_element.html
Build info: version: &amp;apos;3.141.59&amp;apos;, revision: &amp;apos;e82be7d358&amp;apos;, time: &amp;apos;2018-11-14T08:17:03&amp;apos;
System info: host: &amp;apos;DESKTOP-H2H1S22&amp;apos;, ip: &amp;apos;192.168.43.209&amp;apos;, os.name: &amp;apos;Windows 10&amp;apos;, os.arch: &amp;apos;amd64&amp;apos;, os.version: &amp;apos;10.0&amp;apos;, java.version: &amp;apos;14.0.1&amp;apos;
Driver info: org.openqa.selenium.chrome.ChromeDriver
Capabilities {acceptInsecureCerts: false, browserName: chrome, browserVersion: 83.0.4103.116, chrome: {chromedriverVersion: 83.0.4103.39 (ccbf011cb2d2b..., userDataDir: C:\Users\DIVYAN~1\AppData\L...}, goog:chromeOptions: {debuggerAddress: localhost:54511}, javascriptEnabled: true, networkConnectionEnabled: false, pageLoadStrategy: normal, platform: WINDOWS, platformName: WINDOWS, proxy: Proxy(), setWindowRect: true, strictFileInteractability: false, timeouts: {implicit: 0, pageLoad: 300000, script: 30000}, unhandledPromptBehavior: dismiss and notify, webauthn:virtualAuthenticators: true}
Session ID: 8bac848853768b4030b6c0b6929bc3e5
*** Element info: {Using=xpath, value=//input[@placeholder=&amp;apos;Enter your email address&amp;apos;]}">
      <![CDATA[org.openqa.selenium.NoSuchElementException: no such element: Unable to locate element: {"method":"xpath","selector":"//input[@placeholder='Enter your email address']"}
  (Session info: chrome=83.0.4103.116)
For documentation on this error, please visit: https://www.seleniumhq.org/exceptions/no_such_element.html
Build info: version: '3.141.59', revision: 'e82be7d358', time: '2018-11-14T08:17:03'
System info: host: 'DESKTOP-H2H1S22', ip: '192.168.43.209', os.name: 'Windows 10', os.arch: 'amd64', os.version: '10.0', java.version: '14.0.1'
Driver info: org.openqa.selenium.chrome.ChromeDriver
Capabilities {acceptInsecureCerts: false, browserName: chrome, browserVersion: 83.0.4103.116, chrome: {chromedriverVersion: 83.0.4103.39 (ccbf011cb2d2b..., userDataDir: C:\Users\DIVYAN~1\AppData\L...}, goog:chromeOptions: {debuggerAddress: localhost:54511}, javascriptEnabled: true, networkConnectionEnabled: false, pageLoadStrategy: normal, platform: WINDOWS, platformName: WINDOWS, proxy: Proxy(), setWindowRect: true, strictFileInteractability: false, timeouts: {implicit: 0, pageLoad: 300000, script: 30000}, unhandledPromptBehavior: dismiss and notify, webauthn:virtualAuthenticators: true}
Session ID: 8bac848853768b4030b6c0b6929bc3e5
*** Element info: {Using=xpath, value=//input[@placeholder='Enter your email address']}
at org.openqa.selenium.remote.http.W3CHttpResponseCodec.createException(W3CHttpResponseCodec.java:187)
at org.openqa.selenium.remote.http.W3CHttpResponseCodec.decode(W3CHttpResponseCodec.java:122)
at org.openqa.selenium.remote.http.W3CHttpResponseCodec.decode(W3CHttpResponseCodec.java:49)
at org.openqa.selenium.remote.HttpCommandExecutor.execute(HttpCommandExecutor.java:158)
at org.openqa.selenium.remote.service.DriverCommandExecutor.execute(DriverCommandExecutor.java:83)
at org.openqa.selenium.remote.RemoteWebDriver.execute(RemoteWebDriver.java:552)
at org.openqa.selenium.remote.RemoteWebDriver.findElement(RemoteWebDriver.java:323)
at org.openqa.selenium.remote.RemoteWebDriver.findElementByXPath(RemoteWebDriver.java:428)
at org.openqa.selenium.By$ByXPath.findElement(By.java:353)
at org.openqa.selenium.remote.RemoteWebDriver.findElement(RemoteWebDriver.java:315)
at com.SoftSuave.BustelSpotMain.PerformActions.sendKeys(PerformActions.java:9)
at com.SoftSuave.BustelSpotMain.LoginPage.loginToApplicationInvalidCredentials(LoginPage.java:67)
at com.SoftSuave.BustelSpotTest.LoginTest.loginToApplicationValid(LoginTest.java:23)
at com.SoftSuave.BustelSpotTest.ProjectFunctionalityTest.clickOnProjectBeforeAllMethod(ProjectFunctionalityTest.java:19)
at java.base/java.util.ArrayList.forEach(ArrayList.java:1510)
... Removed 36 stack frames]]>
    </failure>
  </testcase> <!-- @BeforeMethod clickOnProjectBeforeAllMethod -->
  <testcase classname="com.SoftSuave.BustelSpotTest.ProjectFunctionalityTest" name="@BeforeMethod clickOnProjectBeforeAllMethod" time="-1.598243647919E9">
    <skipped/>
  </testcase> <!-- @BeforeMethod clickOnProjectBeforeAllMethod -->
  <testcase classname="com.SoftSuave.BustelSpotTest.TaskTest" name="@BeforeMethod clickOnTaskBeforeAllMethod" time="10.205">
    <failure type="org.openqa.selenium.NoSuchElementException" message="no such element: Unable to locate element: {&amp;quot;method&amp;quot;:&amp;quot;xpath&amp;quot;,&amp;quot;selector&amp;quot;:&amp;quot;//input[@placeholder=&amp;apos;Enter your email address&amp;apos;]&amp;quot;}
  (Session info: chrome=83.0.4103.116)
For documentation on this error, please visit: https://www.seleniumhq.org/exceptions/no_such_element.html
Build info: version: &amp;apos;3.141.59&amp;apos;, revision: &amp;apos;e82be7d358&amp;apos;, time: &amp;apos;2018-11-14T08:17:03&amp;apos;
System info: host: &amp;apos;DESKTOP-H2H1S22&amp;apos;, ip: &amp;apos;192.168.43.209&amp;apos;, os.name: &amp;apos;Windows 10&amp;apos;, os.arch: &amp;apos;amd64&amp;apos;, os.version: &amp;apos;10.0&amp;apos;, java.version: &amp;apos;14.0.1&amp;apos;
Driver info: org.openqa.selenium.chrome.ChromeDriver
Capabilities {acceptInsecureCerts: false, browserName: chrome, browserVersion: 83.0.4103.116, chrome: {chromedriverVersion: 83.0.4103.39 (ccbf011cb2d2b..., userDataDir: C:\Users\DIVYAN~1\AppData\L...}, goog:chromeOptions: {debuggerAddress: localhost:54511}, javascriptEnabled: true, networkConnectionEnabled: false, pageLoadStrategy: normal, platform: WINDOWS, platformName: WINDOWS, proxy: Proxy(), setWindowRect: true, strictFileInteractability: false, timeouts: {implicit: 0, pageLoad: 300000, script: 30000}, unhandledPromptBehavior: dismiss and notify, webauthn:virtualAuthenticators: true}
Session ID: 8bac848853768b4030b6c0b6929bc3e5
*** Element info: {Using=xpath, value=//input[@placeholder=&amp;apos;Enter your email address&amp;apos;]}">
      <![CDATA[org.openqa.selenium.NoSuchElementException: no such element: Unable to locate element: {"method":"xpath","selector":"//input[@placeholder='Enter your email address']"}
  (Session info: chrome=83.0.4103.116)
For documentation on this error, please visit: https://www.seleniumhq.org/exceptions/no_such_element.html
Build info: version: '3.141.59', revision: 'e82be7d358', time: '2018-11-14T08:17:03'
System info: host: 'DESKTOP-H2H1S22', ip: '192.168.43.209', os.name: 'Windows 10', os.arch: 'amd64', os.version: '10.0', java.version: '14.0.1'
Driver info: org.openqa.selenium.chrome.ChromeDriver
Capabilities {acceptInsecureCerts: false, browserName: chrome, browserVersion: 83.0.4103.116, chrome: {chromedriverVersion: 83.0.4103.39 (ccbf011cb2d2b..., userDataDir: C:\Users\DIVYAN~1\AppData\L...}, goog:chromeOptions: {debuggerAddress: localhost:54511}, javascriptEnabled: true, networkConnectionEnabled: false, pageLoadStrategy: normal, platform: WINDOWS, platformName: WINDOWS, proxy: Proxy(), setWindowRect: true, strictFileInteractability: false, timeouts: {implicit: 0, pageLoad: 300000, script: 30000}, unhandledPromptBehavior: dismiss and notify, webauthn:virtualAuthenticators: true}
Session ID: 8bac848853768b4030b6c0b6929bc3e5
*** Element info: {Using=xpath, value=//input[@placeholder='Enter your email address']}
at org.openqa.selenium.remote.http.W3CHttpResponseCodec.createException(W3CHttpResponseCodec.java:187)
at org.openqa.selenium.remote.http.W3CHttpResponseCodec.decode(W3CHttpResponseCodec.java:122)
at org.openqa.selenium.remote.http.W3CHttpResponseCodec.decode(W3CHttpResponseCodec.java:49)
at org.openqa.selenium.remote.HttpCommandExecutor.execute(HttpCommandExecutor.java:158)
at org.openqa.selenium.remote.service.DriverCommandExecutor.execute(DriverCommandExecutor.java:83)
at org.openqa.selenium.remote.RemoteWebDriver.execute(RemoteWebDriver.java:552)
at org.openqa.selenium.remote.RemoteWebDriver.findElement(RemoteWebDriver.java:323)
at org.openqa.selenium.remote.RemoteWebDriver.findElementByXPath(RemoteWebDriver.java:428)
at org.openqa.selenium.By$ByXPath.findElement(By.java:353)
at org.openqa.selenium.remote.RemoteWebDriver.findElement(RemoteWebDriver.java:315)
at com.SoftSuave.BustelSpotMain.PerformActions.sendKeys(PerformActions.java:9)
at com.SoftSuave.BustelSpotMain.LoginPage.loginToApplicationInvalidCredentials(LoginPage.java:67)
at com.SoftSuave.BustelSpotTest.LoginTest.loginToApplicationValid(LoginTest.java:23)
at com.SoftSuave.BustelSpotTest.TaskTest.clickOnTaskBeforeAllMethod(TaskTest.java:18)
at java.base/java.util.ArrayList.forEach(ArrayList.java:1510)
... Removed 36 stack frames]]>
    </failure>
  </testcase> <!-- @BeforeMethod clickOnTaskBeforeAllMethod -->
  <testcase classname="com.SoftSuave.BustelSpotTest.TaskTest" name="@BeforeMethod clickOnTaskBeforeAllMethod" time="-1.598243711076E9">
    <skipped/>
  </testcase> <!-- @BeforeMethod clickOnTaskBeforeAllMethod -->
  <testcase classname="com.SoftSuave.BustelSpotTest.TaskTest" name="@BeforeMethod clickOnTaskBeforeAllMethod" time="-1.598243711079E9">
    <skipped/>
  </testcase> <!-- @BeforeMethod clickOnTaskBeforeAllMethod -->
  <testcase classname="com.SoftSuave.BustelSpotTest.ExtraFunctionalityTest" name="@BeforeMethod loginAsSuperAdmin" time="8.715">
    <failure type="org.openqa.selenium.NoSuchElementException" message="Cannot locate an element using xpath=//input[@placeholder=&amp;apos;Enter your email address&amp;apos;]
For documentation on this error, please visit: https://www.seleniumhq.org/exceptions/no_such_element.html
Build info: version: &amp;apos;3.141.59&amp;apos;, revision: &amp;apos;e82be7d358&amp;apos;, time: &amp;apos;2018-11-14T08:17:03&amp;apos;
System info: host: &amp;apos;DESKTOP-H2H1S22&amp;apos;, ip: &amp;apos;192.168.43.209&amp;apos;, os.name: &amp;apos;Windows 10&amp;apos;, os.arch: &amp;apos;amd64&amp;apos;, os.version: &amp;apos;10.0&amp;apos;, java.version: &amp;apos;14.0.1&amp;apos;
Driver info: driver.version: RemoteWebDriver">
      <![CDATA[org.openqa.selenium.NoSuchElementException: Cannot locate an element using xpath=//input[@placeholder='Enter your email address']
For documentation on this error, please visit: https://www.seleniumhq.org/exceptions/no_such_element.html
Build info: version: '3.141.59', revision: 'e82be7d358', time: '2018-11-14T08:17:03'
System info: host: 'DESKTOP-H2H1S22', ip: '192.168.43.209', os.name: 'Windows 10', os.arch: 'amd64', os.version: '10.0', java.version: '14.0.1'
Driver info: driver.version: RemoteWebDriver
at org.openqa.selenium.remote.RemoteWebDriver.findElement(RemoteWebDriver.java:327)
at org.openqa.selenium.remote.RemoteWebDriver.findElementByXPath(RemoteWebDriver.java:428)
at org.openqa.selenium.By$ByXPath.findElement(By.java:353)
at org.openqa.selenium.remote.RemoteWebDriver.findElement(RemoteWebDriver.java:315)
at com.SoftSuave.BustelSpotMain.PerformActions.sendKeys(PerformActions.java:9)
at com.SoftSuave.BustelSpotMain.LoginPage.loginToApplicationValid(LoginPage.java:33)
at com.SoftSuave.BustelSpotTest.ExtraFunctionalityTest.loginAsSuperAdmin(ExtraFunctionalityTest.java:19)
at java.base/java.util.ArrayList.forEach(ArrayList.java:1510)
... Removed 31 stack frames]]>
    </failure>
  </testcase> <!-- @BeforeMethod loginAsSuperAdmin -->
  <testcase classname="com.SoftSuave.BustelSpotTest.ExtraFunctionalityTest" name="@BeforeMethod loginAsSuperAdmin" time="-1.598243719802E9">
    <skipped/>
  </testcase> <!-- @BeforeMethod loginAsSuperAdmin -->
  <testcase classname="com.SoftSuave.BustelSpotTest.Excel" name="ssss" time="0.603"/>
  <testcase classname="com.SoftSuave.BustelSpotTest.ActivityPageStatusTest" name="getActivityTextTotalActivity" time="0.027"/>
  <testcase classname="com.SoftSuave.BustelSpotTest.ActivityPageStatusTest" name="getActivityTextTotalBillableHours" time="0.027"/>
  <testcase classname="com.SoftSuave.BustelSpotTest.ActivityPageStatusTest" name="getActivityTextTotalHours" time="0.026"/>
  <testcase classname="com.SoftSuave.BustelSpotTest.ActivityPageStatusTest" name="getActivityTextTotalNoofUsers" time="0.026"/>
  <testcase classname="com.SoftSuave.BustelSpotTest.ProjectFunctionalityTest" name="clickOnChageRole" time="10.028">
    <failure type="org.openqa.selenium.NoSuchElementException" message="no such element: Unable to locate element: {&amp;quot;method&amp;quot;:&amp;quot;xpath&amp;quot;,&amp;quot;selector&amp;quot;:&amp;quot;((//span[text()=&amp;apos;Divyanshu&amp;apos;])[1]/../following-sibling::div[2]/button)[1]&amp;quot;}
  (Session info: chrome=83.0.4103.116)
For documentation on this error, please visit: https://www.seleniumhq.org/exceptions/no_such_element.html
Build info: version: &amp;apos;3.141.59&amp;apos;, revision: &amp;apos;e82be7d358&amp;apos;, time: &amp;apos;2018-11-14T08:17:03&amp;apos;
System info: host: &amp;apos;DESKTOP-H2H1S22&amp;apos;, ip: &amp;apos;192.168.43.209&amp;apos;, os.name: &amp;apos;Windows 10&amp;apos;, os.arch: &amp;apos;amd64&amp;apos;, os.version: &amp;apos;10.0&amp;apos;, java.version: &amp;apos;14.0.1&amp;apos;
Driver info: org.openqa.selenium.chrome.ChromeDriver
Capabilities {acceptInsecureCerts: false, browserName: chrome, browserVersion: 83.0.4103.116, chrome: {chromedriverVersion: 83.0.4103.39 (ccbf011cb2d2b..., userDataDir: C:\Users\DIVYAN~1\AppData\L...}, goog:chromeOptions: {debuggerAddress: localhost:54511}, javascriptEnabled: true, networkConnectionEnabled: false, pageLoadStrategy: normal, platform: WINDOWS, platformName: WINDOWS, proxy: Proxy(), setWindowRect: true, strictFileInteractability: false, timeouts: {implicit: 0, pageLoad: 300000, script: 30000}, unhandledPromptBehavior: dismiss and notify, webauthn:virtualAuthenticators: true}
Session ID: 8bac848853768b4030b6c0b6929bc3e5
*** Element info: {Using=xpath, value=((//span[text()=&amp;apos;Divyanshu&amp;apos;])[1]/../following-sibling::div[2]/button)[1]}">
      <![CDATA[org.openqa.selenium.NoSuchElementException: no such element: Unable to locate element: {"method":"xpath","selector":"((//span[text()='Divyanshu'])[1]/../following-sibling::div[2]/button)[1]"}
  (Session info: chrome=83.0.4103.116)
For documentation on this error, please visit: https://www.seleniumhq.org/exceptions/no_such_element.html
Build info: version: '3.141.59', revision: 'e82be7d358', time: '2018-11-14T08:17:03'
System info: host: 'DESKTOP-H2H1S22', ip: '192.168.43.209', os.name: 'Windows 10', os.arch: 'amd64', os.version: '10.0', java.version: '14.0.1'
Driver info: org.openqa.selenium.chrome.ChromeDriver
Capabilities {acceptInsecureCerts: false, browserName: chrome, browserVersion: 83.0.4103.116, chrome: {chromedriverVersion: 83.0.4103.39 (ccbf011cb2d2b..., userDataDir: C:\Users\DIVYAN~1\AppData\L...}, goog:chromeOptions: {debuggerAddress: localhost:54511}, javascriptEnabled: true, networkConnectionEnabled: false, pageLoadStrategy: normal, platform: WINDOWS, platformName: WINDOWS, proxy: Proxy(), setWindowRect: true, strictFileInteractability: false, timeouts: {implicit: 0, pageLoad: 300000, script: 30000}, unhandledPromptBehavior: dismiss and notify, webauthn:virtualAuthenticators: true}
Session ID: 8bac848853768b4030b6c0b6929bc3e5
*** Element info: {Using=xpath, value=((//span[text()='Divyanshu'])[1]/../following-sibling::div[2]/button)[1]}
at org.openqa.selenium.remote.http.W3CHttpResponseCodec.createException(W3CHttpResponseCodec.java:187)
at org.openqa.selenium.remote.http.W3CHttpResponseCodec.decode(W3CHttpResponseCodec.java:122)
at org.openqa.selenium.remote.http.W3CHttpResponseCodec.decode(W3CHttpResponseCodec.java:49)
at org.openqa.selenium.remote.HttpCommandExecutor.execute(HttpCommandExecutor.java:158)
at org.openqa.selenium.remote.service.DriverCommandExecutor.execute(DriverCommandExecutor.java:83)
at org.openqa.selenium.remote.RemoteWebDriver.execute(RemoteWebDriver.java:552)
at org.openqa.selenium.remote.RemoteWebDriver.findElement(RemoteWebDriver.java:323)
at org.openqa.selenium.remote.RemoteWebDriver.findElementByXPath(RemoteWebDriver.java:428)
at org.openqa.selenium.By$ByXPath.findElement(By.java:353)
at org.openqa.selenium.remote.RemoteWebDriver.findElement(RemoteWebDriver.java:315)
at com.SoftSuave.BustelSpotMain.ProjectFunctionality.clickOnChangeRole(ProjectFunctionality.java:63)
at com.SoftSuave.BustelSpotTest.ProjectFunctionalityTest.clickOnChageRole(ProjectFunctionalityTest.java:43)
at java.base/java.util.ArrayList.forEach(ArrayList.java:1510)
... Removed 32 stack frames]]>
    </failure>
  </testcase> <!-- clickOnChageRole -->
  <testcase classname="com.SoftSuave.BustelSpotTest.ProjectFunctionalityTest" name="projectFunctionality" time="0.0">
    <skipped/>
  </testcase> <!-- projectFunctionality -->
  <testcase classname="com.SoftSuave.BustelSpotTest.ProjectFunctionalityTest" name="clickOnRemoveMember" time="0.0">
    <skipped/>
  </testcase> <!-- clickOnRemoveMember -->
  <testcase classname="com.SoftSuave.BustelSpotTest.LoginTest" name="loginToApplicationInvalidEmail" time="10.266">
    <failure type="org.openqa.selenium.NoSuchElementException" message="no such element: Unable to locate element: {&amp;quot;method&amp;quot;:&amp;quot;xpath&amp;quot;,&amp;quot;selector&amp;quot;:&amp;quot;//input[@placeholder=&amp;apos;Enter your email address&amp;apos;]&amp;quot;}
  (Session info: chrome=83.0.4103.116)
For documentation on this error, please visit: https://www.seleniumhq.org/exceptions/no_such_element.html
Build info: version: &amp;apos;3.141.59&amp;apos;, revision: &amp;apos;e82be7d358&amp;apos;, time: &amp;apos;2018-11-14T08:17:03&amp;apos;
System info: host: &amp;apos;DESKTOP-H2H1S22&amp;apos;, ip: &amp;apos;192.168.43.209&amp;apos;, os.name: &amp;apos;Windows 10&amp;apos;, os.arch: &amp;apos;amd64&amp;apos;, os.version: &amp;apos;10.0&amp;apos;, java.version: &amp;apos;14.0.1&amp;apos;
Driver info: org.openqa.selenium.chrome.ChromeDriver
Capabilities {acceptInsecureCerts: false, browserName: chrome, browserVersion: 83.0.4103.116, chrome: {chromedriverVersion: 83.0.4103.39 (ccbf011cb2d2b..., userDataDir: C:\Users\DIVYAN~1\AppData\L...}, goog:chromeOptions: {debuggerAddress: localhost:54511}, javascriptEnabled: true, networkConnectionEnabled: false, pageLoadStrategy: normal, platform: WINDOWS, platformName: WINDOWS, proxy: Proxy(), setWindowRect: true, strictFileInteractability: false, timeouts: {implicit: 0, pageLoad: 300000, script: 30000}, unhandledPromptBehavior: dismiss and notify, webauthn:virtualAuthenticators: true}
Session ID: 8bac848853768b4030b6c0b6929bc3e5
*** Element info: {Using=xpath, value=//input[@placeholder=&amp;apos;Enter your email address&amp;apos;]}">
      <![CDATA[org.openqa.selenium.NoSuchElementException: no such element: Unable to locate element: {"method":"xpath","selector":"//input[@placeholder='Enter your email address']"}
  (Session info: chrome=83.0.4103.116)
For documentation on this error, please visit: https://www.seleniumhq.org/exceptions/no_such_element.html
Build info: version: '3.141.59', revision: 'e82be7d358', time: '2018-11-14T08:17:03'
System info: host: 'DESKTOP-H2H1S22', ip: '192.168.43.209', os.name: 'Windows 10', os.arch: 'amd64', os.version: '10.0', java.version: '14.0.1'
Driver info: org.openqa.selenium.chrome.ChromeDriver
Capabilities {acceptInsecureCerts: false, browserName: chrome, browserVersion: 83.0.4103.116, chrome: {chromedriverVersion: 83.0.4103.39 (ccbf011cb2d2b..., userDataDir: C:\Users\DIVYAN~1\AppData\L...}, goog:chromeOptions: {debuggerAddress: localhost:54511}, javascriptEnabled: true, networkConnectionEnabled: false, pageLoadStrategy: normal, platform: WINDOWS, platformName: WINDOWS, proxy: Proxy(), setWindowRect: true, strictFileInteractability: false, timeouts: {implicit: 0, pageLoad: 300000, script: 30000}, unhandledPromptBehavior: dismiss and notify, webauthn:virtualAuthenticators: true}
Session ID: 8bac848853768b4030b6c0b6929bc3e5
*** Element info: {Using=xpath, value=//input[@placeholder='Enter your email address']}
at org.openqa.selenium.remote.http.W3CHttpResponseCodec.createException(W3CHttpResponseCodec.java:187)
at org.openqa.selenium.remote.http.W3CHttpResponseCodec.decode(W3CHttpResponseCodec.java:122)
at org.openqa.selenium.remote.http.W3CHttpResponseCodec.decode(W3CHttpResponseCodec.java:49)
at org.openqa.selenium.remote.HttpCommandExecutor.execute(HttpCommandExecutor.java:158)
at org.openqa.selenium.remote.service.DriverCommandExecutor.execute(DriverCommandExecutor.java:83)
at org.openqa.selenium.remote.RemoteWebDriver.execute(RemoteWebDriver.java:552)
at org.openqa.selenium.remote.RemoteWebDriver.findElement(RemoteWebDriver.java:323)
at org.openqa.selenium.remote.RemoteWebDriver.findElementByXPath(RemoteWebDriver.java:428)
at org.openqa.selenium.By$ByXPath.findElement(By.java:353)
at org.openqa.selenium.remote.RemoteWebDriver.findElement(RemoteWebDriver.java:315)
at com.SoftSuave.BustelSpotMain.PerformActions.sendKeys(PerformActions.java:9)
at com.SoftSuave.BustelSpotMain.LoginPage.loginToApplicationInvalidCredentials(LoginPage.java:67)
at com.SoftSuave.BustelSpotTest.LoginTest.loginToApplicationInvalidEmail(LoginTest.java:31)
at java.base/java.util.ArrayList.forEach(ArrayList.java:1510)
... Removed 32 stack frames]]>
    </failure>
  </testcase> <!-- loginToApplicationInvalidEmail -->
  <testcase classname="com.SoftSuave.BustelSpotTest.LoginTest" name="loginToApplicationInvalidPassword" time="10.178">
    <failure type="org.openqa.selenium.NoSuchElementException" message="no such element: Unable to locate element: {&amp;quot;method&amp;quot;:&amp;quot;xpath&amp;quot;,&amp;quot;selector&amp;quot;:&amp;quot;//input[@placeholder=&amp;apos;Enter your email address&amp;apos;]&amp;quot;}
  (Session info: chrome=83.0.4103.116)
For documentation on this error, please visit: https://www.seleniumhq.org/exceptions/no_such_element.html
Build info: version: &amp;apos;3.141.59&amp;apos;, revision: &amp;apos;e82be7d358&amp;apos;, time: &amp;apos;2018-11-14T08:17:03&amp;apos;
System info: host: &amp;apos;DESKTOP-H2H1S22&amp;apos;, ip: &amp;apos;192.168.43.209&amp;apos;, os.name: &amp;apos;Windows 10&amp;apos;, os.arch: &amp;apos;amd64&amp;apos;, os.version: &amp;apos;10.0&amp;apos;, java.version: &amp;apos;14.0.1&amp;apos;
Driver info: org.openqa.selenium.chrome.ChromeDriver
Capabilities {acceptInsecureCerts: false, browserName: chrome, browserVersion: 83.0.4103.116, chrome: {chromedriverVersion: 83.0.4103.39 (ccbf011cb2d2b..., userDataDir: C:\Users\DIVYAN~1\AppData\L...}, goog:chromeOptions: {debuggerAddress: localhost:54511}, javascriptEnabled: true, networkConnectionEnabled: false, pageLoadStrategy: normal, platform: WINDOWS, platformName: WINDOWS, proxy: Proxy(), setWindowRect: true, strictFileInteractability: false, timeouts: {implicit: 0, pageLoad: 300000, script: 30000}, unhandledPromptBehavior: dismiss and notify, webauthn:virtualAuthenticators: true}
Session ID: 8bac848853768b4030b6c0b6929bc3e5
*** Element info: {Using=xpath, value=//input[@placeholder=&amp;apos;Enter your email address&amp;apos;]}">
      <![CDATA[org.openqa.selenium.NoSuchElementException: no such element: Unable to locate element: {"method":"xpath","selector":"//input[@placeholder='Enter your email address']"}
  (Session info: chrome=83.0.4103.116)
For documentation on this error, please visit: https://www.seleniumhq.org/exceptions/no_such_element.html
Build info: version: '3.141.59', revision: 'e82be7d358', time: '2018-11-14T08:17:03'
System info: host: 'DESKTOP-H2H1S22', ip: '192.168.43.209', os.name: 'Windows 10', os.arch: 'amd64', os.version: '10.0', java.version: '14.0.1'
Driver info: org.openqa.selenium.chrome.ChromeDriver
Capabilities {acceptInsecureCerts: false, browserName: chrome, browserVersion: 83.0.4103.116, chrome: {chromedriverVersion: 83.0.4103.39 (ccbf011cb2d2b..., userDataDir: C:\Users\DIVYAN~1\AppData\L...}, goog:chromeOptions: {debuggerAddress: localhost:54511}, javascriptEnabled: true, networkConnectionEnabled: false, pageLoadStrategy: normal, platform: WINDOWS, platformName: WINDOWS, proxy: Proxy(), setWindowRect: true, strictFileInteractability: false, timeouts: {implicit: 0, pageLoad: 300000, script: 30000}, unhandledPromptBehavior: dismiss and notify, webauthn:virtualAuthenticators: true}
Session ID: 8bac848853768b4030b6c0b6929bc3e5
*** Element info: {Using=xpath, value=//input[@placeholder='Enter your email address']}
at org.openqa.selenium.remote.http.W3CHttpResponseCodec.createException(W3CHttpResponseCodec.java:187)
at org.openqa.selenium.remote.http.W3CHttpResponseCodec.decode(W3CHttpResponseCodec.java:122)
at org.openqa.selenium.remote.http.W3CHttpResponseCodec.decode(W3CHttpResponseCodec.java:49)
at org.openqa.selenium.remote.HttpCommandExecutor.execute(HttpCommandExecutor.java:158)
at org.openqa.selenium.remote.service.DriverCommandExecutor.execute(DriverCommandExecutor.java:83)
at org.openqa.selenium.remote.RemoteWebDriver.execute(RemoteWebDriver.java:552)
at org.openqa.selenium.remote.RemoteWebDriver.findElement(RemoteWebDriver.java:323)
at org.openqa.selenium.remote.RemoteWebDriver.findElementByXPath(RemoteWebDriver.java:428)
at org.openqa.selenium.By$ByXPath.findElement(By.java:353)
at org.openqa.selenium.remote.RemoteWebDriver.findElement(RemoteWebDriver.java:315)
at com.SoftSuave.BustelSpotMain.PerformActions.sendKeys(PerformActions.java:9)
at com.SoftSuave.BustelSpotMain.LoginPage.loginToApplicationInvalidCredentials(LoginPage.java:67)
at com.SoftSuave.BustelSpotTest.LoginTest.loginToApplicationInvalidPassword(LoginTest.java:39)
at java.base/java.util.ArrayList.forEach(ArrayList.java:1510)
... Removed 32 stack frames]]>
    </failure>
  </testcase> <!-- loginToApplicationInvalidPassword -->
  <testcase classname="com.SoftSuave.BustelSpotTest.LoginTest" name="loginToApplicationNoData" time="10.276">
    <failure type="org.openqa.selenium.NoSuchElementException" message="no such element: Unable to locate element: {&amp;quot;method&amp;quot;:&amp;quot;xpath&amp;quot;,&amp;quot;selector&amp;quot;:&amp;quot;//input[@placeholder=&amp;apos;Enter your email address&amp;apos;]&amp;quot;}
  (Session info: chrome=83.0.4103.116)
For documentation on this error, please visit: https://www.seleniumhq.org/exceptions/no_such_element.html
Build info: version: &amp;apos;3.141.59&amp;apos;, revision: &amp;apos;e82be7d358&amp;apos;, time: &amp;apos;2018-11-14T08:17:03&amp;apos;
System info: host: &amp;apos;DESKTOP-H2H1S22&amp;apos;, ip: &amp;apos;192.168.43.209&amp;apos;, os.name: &amp;apos;Windows 10&amp;apos;, os.arch: &amp;apos;amd64&amp;apos;, os.version: &amp;apos;10.0&amp;apos;, java.version: &amp;apos;14.0.1&amp;apos;
Driver info: org.openqa.selenium.chrome.ChromeDriver
Capabilities {acceptInsecureCerts: false, browserName: chrome, browserVersion: 83.0.4103.116, chrome: {chromedriverVersion: 83.0.4103.39 (ccbf011cb2d2b..., userDataDir: C:\Users\DIVYAN~1\AppData\L...}, goog:chromeOptions: {debuggerAddress: localhost:54511}, javascriptEnabled: true, networkConnectionEnabled: false, pageLoadStrategy: normal, platform: WINDOWS, platformName: WINDOWS, proxy: Proxy(), setWindowRect: true, strictFileInteractability: false, timeouts: {implicit: 0, pageLoad: 300000, script: 30000}, unhandledPromptBehavior: dismiss and notify, webauthn:virtualAuthenticators: true}
Session ID: 8bac848853768b4030b6c0b6929bc3e5
*** Element info: {Using=xpath, value=//input[@placeholder=&amp;apos;Enter your email address&amp;apos;]}">
      <![CDATA[org.openqa.selenium.NoSuchElementException: no such element: Unable to locate element: {"method":"xpath","selector":"//input[@placeholder='Enter your email address']"}
  (Session info: chrome=83.0.4103.116)
For documentation on this error, please visit: https://www.seleniumhq.org/exceptions/no_such_element.html
Build info: version: '3.141.59', revision: 'e82be7d358', time: '2018-11-14T08:17:03'
System info: host: 'DESKTOP-H2H1S22', ip: '192.168.43.209', os.name: 'Windows 10', os.arch: 'amd64', os.version: '10.0', java.version: '14.0.1'
Driver info: org.openqa.selenium.chrome.ChromeDriver
Capabilities {acceptInsecureCerts: false, browserName: chrome, browserVersion: 83.0.4103.116, chrome: {chromedriverVersion: 83.0.4103.39 (ccbf011cb2d2b..., userDataDir: C:\Users\DIVYAN~1\AppData\L...}, goog:chromeOptions: {debuggerAddress: localhost:54511}, javascriptEnabled: true, networkConnectionEnabled: false, pageLoadStrategy: normal, platform: WINDOWS, platformName: WINDOWS, proxy: Proxy(), setWindowRect: true, strictFileInteractability: false, timeouts: {implicit: 0, pageLoad: 300000, script: 30000}, unhandledPromptBehavior: dismiss and notify, webauthn:virtualAuthenticators: true}
Session ID: 8bac848853768b4030b6c0b6929bc3e5
*** Element info: {Using=xpath, value=//input[@placeholder='Enter your email address']}
at org.openqa.selenium.remote.http.W3CHttpResponseCodec.createException(W3CHttpResponseCodec.java:187)
at org.openqa.selenium.remote.http.W3CHttpResponseCodec.decode(W3CHttpResponseCodec.java:122)
at org.openqa.selenium.remote.http.W3CHttpResponseCodec.decode(W3CHttpResponseCodec.java:49)
at org.openqa.selenium.remote.HttpCommandExecutor.execute(HttpCommandExecutor.java:158)
at org.openqa.selenium.remote.service.DriverCommandExecutor.execute(DriverCommandExecutor.java:83)
at org.openqa.selenium.remote.RemoteWebDriver.execute(RemoteWebDriver.java:552)
at org.openqa.selenium.remote.RemoteWebDriver.findElement(RemoteWebDriver.java:323)
at org.openqa.selenium.remote.RemoteWebDriver.findElementByXPath(RemoteWebDriver.java:428)
at org.openqa.selenium.By$ByXPath.findElement(By.java:353)
at org.openqa.selenium.remote.RemoteWebDriver.findElement(RemoteWebDriver.java:315)
at com.SoftSuave.BustelSpotMain.PerformActions.sendKeys(PerformActions.java:9)
at com.SoftSuave.BustelSpotMain.LoginPage.loginToApplicationNoData(LoginPage.java:91)
at com.SoftSuave.BustelSpotTest.LoginTest.loginToApplicationNoData(LoginTest.java:55)
at java.base/java.util.ArrayList.forEach(ArrayList.java:1510)
... Removed 32 stack frames]]>
    </failure>
  </testcase> <!-- loginToApplicationNoData -->
  <testcase classname="com.SoftSuave.BustelSpotTest.LoginTest" name="loginToApplicationShortMail" time="10.182">
    <failure type="org.openqa.selenium.NoSuchElementException" message="no such element: Unable to locate element: {&amp;quot;method&amp;quot;:&amp;quot;xpath&amp;quot;,&amp;quot;selector&amp;quot;:&amp;quot;//input[@placeholder=&amp;apos;Enter your email address&amp;apos;]&amp;quot;}
  (Session info: chrome=83.0.4103.116)
For documentation on this error, please visit: https://www.seleniumhq.org/exceptions/no_such_element.html
Build info: version: &amp;apos;3.141.59&amp;apos;, revision: &amp;apos;e82be7d358&amp;apos;, time: &amp;apos;2018-11-14T08:17:03&amp;apos;
System info: host: &amp;apos;DESKTOP-H2H1S22&amp;apos;, ip: &amp;apos;192.168.43.209&amp;apos;, os.name: &amp;apos;Windows 10&amp;apos;, os.arch: &amp;apos;amd64&amp;apos;, os.version: &amp;apos;10.0&amp;apos;, java.version: &amp;apos;14.0.1&amp;apos;
Driver info: org.openqa.selenium.chrome.ChromeDriver
Capabilities {acceptInsecureCerts: false, browserName: chrome, browserVersion: 83.0.4103.116, chrome: {chromedriverVersion: 83.0.4103.39 (ccbf011cb2d2b..., userDataDir: C:\Users\DIVYAN~1\AppData\L...}, goog:chromeOptions: {debuggerAddress: localhost:54511}, javascriptEnabled: true, networkConnectionEnabled: false, pageLoadStrategy: normal, platform: WINDOWS, platformName: WINDOWS, proxy: Proxy(), setWindowRect: true, strictFileInteractability: false, timeouts: {implicit: 0, pageLoad: 300000, script: 30000}, unhandledPromptBehavior: dismiss and notify, webauthn:virtualAuthenticators: true}
Session ID: 8bac848853768b4030b6c0b6929bc3e5
*** Element info: {Using=xpath, value=//input[@placeholder=&amp;apos;Enter your email address&amp;apos;]}">
      <![CDATA[org.openqa.selenium.NoSuchElementException: no such element: Unable to locate element: {"method":"xpath","selector":"//input[@placeholder='Enter your email address']"}
  (Session info: chrome=83.0.4103.116)
For documentation on this error, please visit: https://www.seleniumhq.org/exceptions/no_such_element.html
Build info: version: '3.141.59', revision: 'e82be7d358', time: '2018-11-14T08:17:03'
System info: host: 'DESKTOP-H2H1S22', ip: '192.168.43.209', os.name: 'Windows 10', os.arch: 'amd64', os.version: '10.0', java.version: '14.0.1'
Driver info: org.openqa.selenium.chrome.ChromeDriver
Capabilities {acceptInsecureCerts: false, browserName: chrome, browserVersion: 83.0.4103.116, chrome: {chromedriverVersion: 83.0.4103.39 (ccbf011cb2d2b..., userDataDir: C:\Users\DIVYAN~1\AppData\L...}, goog:chromeOptions: {debuggerAddress: localhost:54511}, javascriptEnabled: true, networkConnectionEnabled: false, pageLoadStrategy: normal, platform: WINDOWS, platformName: WINDOWS, proxy: Proxy(), setWindowRect: true, strictFileInteractability: false, timeouts: {implicit: 0, pageLoad: 300000, script: 30000}, unhandledPromptBehavior: dismiss and notify, webauthn:virtualAuthenticators: true}
Session ID: 8bac848853768b4030b6c0b6929bc3e5
*** Element info: {Using=xpath, value=//input[@placeholder='Enter your email address']}
at org.openqa.selenium.remote.http.W3CHttpResponseCodec.createException(W3CHttpResponseCodec.java:187)
at org.openqa.selenium.remote.http.W3CHttpResponseCodec.decode(W3CHttpResponseCodec.java:122)
at org.openqa.selenium.remote.http.W3CHttpResponseCodec.decode(W3CHttpResponseCodec.java:49)
at org.openqa.selenium.remote.HttpCommandExecutor.execute(HttpCommandExecutor.java:158)
at org.openqa.selenium.remote.service.DriverCommandExecutor.execute(DriverCommandExecutor.java:83)
at org.openqa.selenium.remote.RemoteWebDriver.execute(RemoteWebDriver.java:552)
at org.openqa.selenium.remote.RemoteWebDriver.findElement(RemoteWebDriver.java:323)
at org.openqa.selenium.remote.RemoteWebDriver.findElementByXPath(RemoteWebDriver.java:428)
at org.openqa.selenium.By$ByXPath.findElement(By.java:353)
at org.openqa.selenium.remote.RemoteWebDriver.findElement(RemoteWebDriver.java:315)
at com.SoftSuave.BustelSpotMain.PerformActions.sendKeys(PerformActions.java:9)
at com.SoftSuave.BustelSpotMain.LoginPage.loginToApplicationShortMail(LoginPage.java:78)
at com.SoftSuave.BustelSpotTest.LoginTest.loginToApplicationShortMail(LoginTest.java:47)
at java.base/java.util.ArrayList.forEach(ArrayList.java:1510)
... Removed 32 stack frames]]>
    </failure>
  </testcase> <!-- loginToApplicationShortMail -->
  <testcase classname="com.SoftSuave.BustelSpotTest.LoginTest" name="loginToApplicationValid" time="10.283">
    <failure type="org.openqa.selenium.NoSuchElementException" message="no such element: Unable to locate element: {&amp;quot;method&amp;quot;:&amp;quot;xpath&amp;quot;,&amp;quot;selector&amp;quot;:&amp;quot;//input[@placeholder=&amp;apos;Enter your email address&amp;apos;]&amp;quot;}
  (Session info: chrome=83.0.4103.116)
For documentation on this error, please visit: https://www.seleniumhq.org/exceptions/no_such_element.html
Build info: version: &amp;apos;3.141.59&amp;apos;, revision: &amp;apos;e82be7d358&amp;apos;, time: &amp;apos;2018-11-14T08:17:03&amp;apos;
System info: host: &amp;apos;DESKTOP-H2H1S22&amp;apos;, ip: &amp;apos;192.168.43.209&amp;apos;, os.name: &amp;apos;Windows 10&amp;apos;, os.arch: &amp;apos;amd64&amp;apos;, os.version: &amp;apos;10.0&amp;apos;, java.version: &amp;apos;14.0.1&amp;apos;
Driver info: org.openqa.selenium.chrome.ChromeDriver
Capabilities {acceptInsecureCerts: false, browserName: chrome, browserVersion: 83.0.4103.116, chrome: {chromedriverVersion: 83.0.4103.39 (ccbf011cb2d2b..., userDataDir: C:\Users\DIVYAN~1\AppData\L...}, goog:chromeOptions: {debuggerAddress: localhost:54511}, javascriptEnabled: true, networkConnectionEnabled: false, pageLoadStrategy: normal, platform: WINDOWS, platformName: WINDOWS, proxy: Proxy(), setWindowRect: true, strictFileInteractability: false, timeouts: {implicit: 0, pageLoad: 300000, script: 30000}, unhandledPromptBehavior: dismiss and notify, webauthn:virtualAuthenticators: true}
Session ID: 8bac848853768b4030b6c0b6929bc3e5
*** Element info: {Using=xpath, value=//input[@placeholder=&amp;apos;Enter your email address&amp;apos;]}">
      <![CDATA[org.openqa.selenium.NoSuchElementException: no such element: Unable to locate element: {"method":"xpath","selector":"//input[@placeholder='Enter your email address']"}
  (Session info: chrome=83.0.4103.116)
For documentation on this error, please visit: https://www.seleniumhq.org/exceptions/no_such_element.html
Build info: version: '3.141.59', revision: 'e82be7d358', time: '2018-11-14T08:17:03'
System info: host: 'DESKTOP-H2H1S22', ip: '192.168.43.209', os.name: 'Windows 10', os.arch: 'amd64', os.version: '10.0', java.version: '14.0.1'
Driver info: org.openqa.selenium.chrome.ChromeDriver
Capabilities {acceptInsecureCerts: false, browserName: chrome, browserVersion: 83.0.4103.116, chrome: {chromedriverVersion: 83.0.4103.39 (ccbf011cb2d2b..., userDataDir: C:\Users\DIVYAN~1\AppData\L...}, goog:chromeOptions: {debuggerAddress: localhost:54511}, javascriptEnabled: true, networkConnectionEnabled: false, pageLoadStrategy: normal, platform: WINDOWS, platformName: WINDOWS, proxy: Proxy(), setWindowRect: true, strictFileInteractability: false, timeouts: {implicit: 0, pageLoad: 300000, script: 30000}, unhandledPromptBehavior: dismiss and notify, webauthn:virtualAuthenticators: true}
Session ID: 8bac848853768b4030b6c0b6929bc3e5
*** Element info: {Using=xpath, value=//input[@placeholder='Enter your email address']}
at org.openqa.selenium.remote.http.W3CHttpResponseCodec.createException(W3CHttpResponseCodec.java:187)
at org.openqa.selenium.remote.http.W3CHttpResponseCodec.decode(W3CHttpResponseCodec.java:122)
at org.openqa.selenium.remote.http.W3CHttpResponseCodec.decode(W3CHttpResponseCodec.java:49)
at org.openqa.selenium.remote.HttpCommandExecutor.execute(HttpCommandExecutor.java:158)
at org.openqa.selenium.remote.service.DriverCommandExecutor.execute(DriverCommandExecutor.java:83)
at org.openqa.selenium.remote.RemoteWebDriver.execute(RemoteWebDriver.java:552)
at org.openqa.selenium.remote.RemoteWebDriver.findElement(RemoteWebDriver.java:323)
at org.openqa.selenium.remote.RemoteWebDriver.findElementByXPath(RemoteWebDriver.java:428)
at org.openqa.selenium.By$ByXPath.findElement(By.java:353)
at org.openqa.selenium.remote.RemoteWebDriver.findElement(RemoteWebDriver.java:315)
at com.SoftSuave.BustelSpotMain.PerformActions.sendKeys(PerformActions.java:9)
at com.SoftSuave.BustelSpotMain.LoginPage.loginToApplicationInvalidCredentials(LoginPage.java:67)
at com.SoftSuave.BustelSpotTest.LoginTest.loginToApplicationValid(LoginTest.java:23)
at java.base/java.util.ArrayList.forEach(ArrayList.java:1510)
... Removed 32 stack frames]]>
    </failure>
  </testcase> <!-- loginToApplicationValid -->
  <testcase classname="com.SoftSuave.BustelSpotTest.TaskTest" name="addTaskTestFunctionality" time="0.0">
    <skipped/>
  </testcase> <!-- addTaskTestFunctionality -->
  <testcase classname="com.SoftSuave.BustelSpotTest.TaskTest" name="editFunctionality" time="0.0">
    <skipped/>
  </testcase> <!-- editFunctionality -->
  <testcase classname="com.SoftSuave.BustelSpotTest.TaskTest" name="deleteFunctionalityYes" time="0.0">
    <skipped/>
  </testcase> <!-- deleteFunctionalityYes -->
  <testcase classname="com.SoftSuave.BustelSpotTest.ExtraFunctionalityTest" name="clickOnOptions" time="0.0">
    <skipped/>
  </testcase> <!-- clickOnOptions -->
  <testcase classname="com.SoftSuave.BustelSpotTest.ExtraFunctionalityTest" name="projectFunctionality" time="0.0">
    <skipped/>
  </testcase> <!-- projectFunctionality -->
  <testcase classname="com.SoftSuave.BustelSpotTest.SignOutTest" name="signOutFun" time="0.151">
    <failure type="org.openqa.selenium.NoSuchWindowException" message="no such window: target window already closed
from unknown error: web view not found
  (Session info: chrome=83.0.4103.116)
Build info: version: &amp;apos;3.141.59&amp;apos;, revision: &amp;apos;e82be7d358&amp;apos;, time: &amp;apos;2018-11-14T08:17:03&amp;apos;
System info: host: &amp;apos;DESKTOP-H2H1S22&amp;apos;, ip: &amp;apos;192.168.43.209&amp;apos;, os.name: &amp;apos;Windows 10&amp;apos;, os.arch: &amp;apos;amd64&amp;apos;, os.version: &amp;apos;10.0&amp;apos;, java.version: &amp;apos;14.0.1&amp;apos;
Driver info: org.openqa.selenium.chrome.ChromeDriver
Capabilities {acceptInsecureCerts: false, browserName: chrome, browserVersion: 83.0.4103.116, chrome: {chromedriverVersion: 83.0.4103.39 (ccbf011cb2d2b..., userDataDir: C:\Users\DIVYAN~1\AppData\L...}, goog:chromeOptions: {debuggerAddress: localhost:54511}, javascriptEnabled: true, networkConnectionEnabled: false, pageLoadStrategy: normal, platform: WINDOWS, platformName: WINDOWS, proxy: Proxy(), setWindowRect: true, strictFileInteractability: false, timeouts: {implicit: 0, pageLoad: 300000, script: 30000}, unhandledPromptBehavior: dismiss and notify, webauthn:virtualAuthenticators: true}
Session ID: 8bac848853768b4030b6c0b6929bc3e5">
      <![CDATA[org.openqa.selenium.NoSuchWindowException: no such window: target window already closed
from unknown error: web view not found
  (Session info: chrome=83.0.4103.116)
Build info: version: '3.141.59', revision: 'e82be7d358', time: '2018-11-14T08:17:03'
System info: host: 'DESKTOP-H2H1S22', ip: '192.168.43.209', os.name: 'Windows 10', os.arch: 'amd64', os.version: '10.0', java.version: '14.0.1'
Driver info: org.openqa.selenium.chrome.ChromeDriver
Capabilities {acceptInsecureCerts: false, browserName: chrome, browserVersion: 83.0.4103.116, chrome: {chromedriverVersion: 83.0.4103.39 (ccbf011cb2d2b..., userDataDir: C:\Users\DIVYAN~1\AppData\L...}, goog:chromeOptions: {debuggerAddress: localhost:54511}, javascriptEnabled: true, networkConnectionEnabled: false, pageLoadStrategy: normal, platform: WINDOWS, platformName: WINDOWS, proxy: Proxy(), setWindowRect: true, strictFileInteractability: false, timeouts: {implicit: 0, pageLoad: 300000, script: 30000}, unhandledPromptBehavior: dismiss and notify, webauthn:virtualAuthenticators: true}
Session ID: 8bac848853768b4030b6c0b6929bc3e5
at org.openqa.selenium.remote.http.W3CHttpResponseCodec.createException(W3CHttpResponseCodec.java:187)
at org.openqa.selenium.remote.http.W3CHttpResponseCodec.decode(W3CHttpResponseCodec.java:122)
at org.openqa.selenium.remote.http.W3CHttpResponseCodec.decode(W3CHttpResponseCodec.java:49)
at org.openqa.selenium.remote.HttpCommandExecutor.execute(HttpCommandExecutor.java:158)
at org.openqa.selenium.remote.service.DriverCommandExecutor.execute(DriverCommandExecutor.java:83)
at org.openqa.selenium.remote.RemoteWebDriver.execute(RemoteWebDriver.java:552)
at org.openqa.selenium.remote.RemoteWebDriver.get(RemoteWebDriver.java:277)
at com.SoftSuave.BustelSpotMain.LoginPage.launch(LoginPage.java:26)
at com.SoftSuave.BustelSpotMain.LoginPage.loginToApplicationValid(LoginPage.java:31)
at com.SoftSuave.BustelSpotMain.LoginPage.loginToApplicationValid(LoginPage.java:22)
at com.SoftSuave.BustelSpotTest.SignOutTest.signOutFun(SignOutTest.java:15)
at java.base/java.util.ArrayList.forEach(ArrayList.java:1510)
... Removed 32 stack frames]]>
    </failure>
  </testcase> <!-- signOutFun -->
  <testcase classname="com.SoftSuave.BustelSpotTest.MembersFunctionalityTest" name="clickOnInvite" time="0.083">
    <failure type="org.openqa.selenium.NoSuchWindowException" message="no such window: target window already closed
from unknown error: web view not found
  (Session info: chrome=83.0.4103.116)
Build info: version: &amp;apos;3.141.59&amp;apos;, revision: &amp;apos;e82be7d358&amp;apos;, time: &amp;apos;2018-11-14T08:17:03&amp;apos;
System info: host: &amp;apos;DESKTOP-H2H1S22&amp;apos;, ip: &amp;apos;192.168.43.209&amp;apos;, os.name: &amp;apos;Windows 10&amp;apos;, os.arch: &amp;apos;amd64&amp;apos;, os.version: &amp;apos;10.0&amp;apos;, java.version: &amp;apos;14.0.1&amp;apos;
Driver info: org.openqa.selenium.chrome.ChromeDriver
Capabilities {acceptInsecureCerts: false, browserName: chrome, browserVersion: 83.0.4103.116, chrome: {chromedriverVersion: 83.0.4103.39 (ccbf011cb2d2b..., userDataDir: C:\Users\DIVYAN~1\AppData\L...}, goog:chromeOptions: {debuggerAddress: localhost:54511}, javascriptEnabled: true, networkConnectionEnabled: false, pageLoadStrategy: normal, platform: WINDOWS, platformName: WINDOWS, proxy: Proxy(), setWindowRect: true, strictFileInteractability: false, timeouts: {implicit: 0, pageLoad: 300000, script: 30000}, unhandledPromptBehavior: dismiss and notify, webauthn:virtualAuthenticators: true}
Session ID: 8bac848853768b4030b6c0b6929bc3e5">
      <![CDATA[org.openqa.selenium.NoSuchWindowException: no such window: target window already closed
from unknown error: web view not found
  (Session info: chrome=83.0.4103.116)
Build info: version: '3.141.59', revision: 'e82be7d358', time: '2018-11-14T08:17:03'
System info: host: 'DESKTOP-H2H1S22', ip: '192.168.43.209', os.name: 'Windows 10', os.arch: 'amd64', os.version: '10.0', java.version: '14.0.1'
Driver info: org.openqa.selenium.chrome.ChromeDriver
Capabilities {acceptInsecureCerts: false, browserName: chrome, browserVersion: 83.0.4103.116, chrome: {chromedriverVersion: 83.0.4103.39 (ccbf011cb2d2b..., userDataDir: C:\Users\DIVYAN~1\AppData\L...}, goog:chromeOptions: {debuggerAddress: localhost:54511}, javascriptEnabled: true, networkConnectionEnabled: false, pageLoadStrategy: normal, platform: WINDOWS, platformName: WINDOWS, proxy: Proxy(), setWindowRect: true, strictFileInteractability: false, timeouts: {implicit: 0, pageLoad: 300000, script: 30000}, unhandledPromptBehavior: dismiss and notify, webauthn:virtualAuthenticators: true}
Session ID: 8bac848853768b4030b6c0b6929bc3e5
at org.openqa.selenium.remote.http.W3CHttpResponseCodec.createException(W3CHttpResponseCodec.java:187)
at org.openqa.selenium.remote.http.W3CHttpResponseCodec.decode(W3CHttpResponseCodec.java:122)
at org.openqa.selenium.remote.http.W3CHttpResponseCodec.decode(W3CHttpResponseCodec.java:49)
at org.openqa.selenium.remote.HttpCommandExecutor.execute(HttpCommandExecutor.java:158)
at org.openqa.selenium.remote.service.DriverCommandExecutor.execute(DriverCommandExecutor.java:83)
at org.openqa.selenium.remote.RemoteWebDriver.execute(RemoteWebDriver.java:552)
at org.openqa.selenium.remote.RemoteWebDriver.get(RemoteWebDriver.java:277)
at com.SoftSuave.BustelSpotMain.LoginPage.launch(LoginPage.java:26)
at com.SoftSuave.BustelSpotMain.LoginPage.loginToApplicationValid(LoginPage.java:31)
at com.SoftSuave.BustelSpotMain.LoginPage.loginToApplicationValid(LoginPage.java:22)
at com.SoftSuave.BustelSpotTest.MembersFunctionalityTest.clickOnInvite(MembersFunctionalityTest.java:34)
at java.base/java.util.ArrayList.forEach(ArrayList.java:1510)
... Removed 32 stack frames]]>
    </failure>
  </testcase> <!-- clickOnInvite -->
  <testcase classname="com.SoftSuave.BustelSpotTest.MembersFunctionalityTest" name="clickOnRemoveInviteeLink" time="0.054">
    <failure type="org.openqa.selenium.NoSuchWindowException" message="no such window: target window already closed
from unknown error: web view not found
  (Session info: chrome=83.0.4103.116)
Build info: version: &amp;apos;3.141.59&amp;apos;, revision: &amp;apos;e82be7d358&amp;apos;, time: &amp;apos;2018-11-14T08:17:03&amp;apos;
System info: host: &amp;apos;DESKTOP-H2H1S22&amp;apos;, ip: &amp;apos;192.168.43.209&amp;apos;, os.name: &amp;apos;Windows 10&amp;apos;, os.arch: &amp;apos;amd64&amp;apos;, os.version: &amp;apos;10.0&amp;apos;, java.version: &amp;apos;14.0.1&amp;apos;
Driver info: org.openqa.selenium.chrome.ChromeDriver
Capabilities {acceptInsecureCerts: false, browserName: chrome, browserVersion: 83.0.4103.116, chrome: {chromedriverVersion: 83.0.4103.39 (ccbf011cb2d2b..., userDataDir: C:\Users\DIVYAN~1\AppData\L...}, goog:chromeOptions: {debuggerAddress: localhost:54511}, javascriptEnabled: true, networkConnectionEnabled: false, pageLoadStrategy: normal, platform: WINDOWS, platformName: WINDOWS, proxy: Proxy(), setWindowRect: true, strictFileInteractability: false, timeouts: {implicit: 0, pageLoad: 300000, script: 30000}, unhandledPromptBehavior: dismiss and notify, webauthn:virtualAuthenticators: true}
Session ID: 8bac848853768b4030b6c0b6929bc3e5">
      <![CDATA[org.openqa.selenium.NoSuchWindowException: no such window: target window already closed
from unknown error: web view not found
  (Session info: chrome=83.0.4103.116)
Build info: version: '3.141.59', revision: 'e82be7d358', time: '2018-11-14T08:17:03'
System info: host: 'DESKTOP-H2H1S22', ip: '192.168.43.209', os.name: 'Windows 10', os.arch: 'amd64', os.version: '10.0', java.version: '14.0.1'
Driver info: org.openqa.selenium.chrome.ChromeDriver
Capabilities {acceptInsecureCerts: false, browserName: chrome, browserVersion: 83.0.4103.116, chrome: {chromedriverVersion: 83.0.4103.39 (ccbf011cb2d2b..., userDataDir: C:\Users\DIVYAN~1\AppData\L...}, goog:chromeOptions: {debuggerAddress: localhost:54511}, javascriptEnabled: true, networkConnectionEnabled: false, pageLoadStrategy: normal, platform: WINDOWS, platformName: WINDOWS, proxy: Proxy(), setWindowRect: true, strictFileInteractability: false, timeouts: {implicit: 0, pageLoad: 300000, script: 30000}, unhandledPromptBehavior: dismiss and notify, webauthn:virtualAuthenticators: true}
Session ID: 8bac848853768b4030b6c0b6929bc3e5
at org.openqa.selenium.remote.http.W3CHttpResponseCodec.createException(W3CHttpResponseCodec.java:187)
at org.openqa.selenium.remote.http.W3CHttpResponseCodec.decode(W3CHttpResponseCodec.java:122)
at org.openqa.selenium.remote.http.W3CHttpResponseCodec.decode(W3CHttpResponseCodec.java:49)
at org.openqa.selenium.remote.HttpCommandExecutor.execute(HttpCommandExecutor.java:158)
at org.openqa.selenium.remote.service.DriverCommandExecutor.execute(DriverCommandExecutor.java:83)
at org.openqa.selenium.remote.RemoteWebDriver.execute(RemoteWebDriver.java:552)
at org.openqa.selenium.remote.RemoteWebDriver.get(RemoteWebDriver.java:277)
at com.SoftSuave.BustelSpotMain.LoginPage.launch(LoginPage.java:26)
at com.SoftSuave.BustelSpotMain.LoginPage.loginToApplicationValid(LoginPage.java:31)
at com.SoftSuave.BustelSpotMain.LoginPage.loginToApplicationValid(LoginPage.java:22)
at com.SoftSuave.BustelSpotTest.MembersFunctionalityTest.clickOnRemoveInviteeLink(MembersFunctionalityTest.java:59)
at java.base/java.util.ArrayList.forEach(ArrayList.java:1510)
... Removed 32 stack frames]]>
    </failure>
  </testcase> <!-- clickOnRemoveInviteeLink -->
  <testcase classname="com.SoftSuave.BustelSpotTest.MembersFunctionalityTest" name="membersFunctionality" time="0.053">
    <failure type="org.openqa.selenium.NoSuchWindowException" message="no such window: target window already closed
from unknown error: web view not found
  (Session info: chrome=83.0.4103.116)
Build info: version: &amp;apos;3.141.59&amp;apos;, revision: &amp;apos;e82be7d358&amp;apos;, time: &amp;apos;2018-11-14T08:17:03&amp;apos;
System info: host: &amp;apos;DESKTOP-H2H1S22&amp;apos;, ip: &amp;apos;192.168.43.209&amp;apos;, os.name: &amp;apos;Windows 10&amp;apos;, os.arch: &amp;apos;amd64&amp;apos;, os.version: &amp;apos;10.0&amp;apos;, java.version: &amp;apos;14.0.1&amp;apos;
Driver info: org.openqa.selenium.chrome.ChromeDriver
Capabilities {acceptInsecureCerts: false, browserName: chrome, browserVersion: 83.0.4103.116, chrome: {chromedriverVersion: 83.0.4103.39 (ccbf011cb2d2b..., userDataDir: C:\Users\DIVYAN~1\AppData\L...}, goog:chromeOptions: {debuggerAddress: localhost:54511}, javascriptEnabled: true, networkConnectionEnabled: false, pageLoadStrategy: normal, platform: WINDOWS, platformName: WINDOWS, proxy: Proxy(), setWindowRect: true, strictFileInteractability: false, timeouts: {implicit: 0, pageLoad: 300000, script: 30000}, unhandledPromptBehavior: dismiss and notify, webauthn:virtualAuthenticators: true}
Session ID: 8bac848853768b4030b6c0b6929bc3e5">
      <![CDATA[org.openqa.selenium.NoSuchWindowException: no such window: target window already closed
from unknown error: web view not found
  (Session info: chrome=83.0.4103.116)
Build info: version: '3.141.59', revision: 'e82be7d358', time: '2018-11-14T08:17:03'
System info: host: 'DESKTOP-H2H1S22', ip: '192.168.43.209', os.name: 'Windows 10', os.arch: 'amd64', os.version: '10.0', java.version: '14.0.1'
Driver info: org.openqa.selenium.chrome.ChromeDriver
Capabilities {acceptInsecureCerts: false, browserName: chrome, browserVersion: 83.0.4103.116, chrome: {chromedriverVersion: 83.0.4103.39 (ccbf011cb2d2b..., userDataDir: C:\Users\DIVYAN~1\AppData\L...}, goog:chromeOptions: {debuggerAddress: localhost:54511}, javascriptEnabled: true, networkConnectionEnabled: false, pageLoadStrategy: normal, platform: WINDOWS, platformName: WINDOWS, proxy: Proxy(), setWindowRect: true, strictFileInteractability: false, timeouts: {implicit: 0, pageLoad: 300000, script: 30000}, unhandledPromptBehavior: dismiss and notify, webauthn:virtualAuthenticators: true}
Session ID: 8bac848853768b4030b6c0b6929bc3e5
at org.openqa.selenium.remote.http.W3CHttpResponseCodec.createException(W3CHttpResponseCodec.java:187)
at org.openqa.selenium.remote.http.W3CHttpResponseCodec.decode(W3CHttpResponseCodec.java:122)
at org.openqa.selenium.remote.http.W3CHttpResponseCodec.decode(W3CHttpResponseCodec.java:49)
at org.openqa.selenium.remote.HttpCommandExecutor.execute(HttpCommandExecutor.java:158)
at org.openqa.selenium.remote.service.DriverCommandExecutor.execute(DriverCommandExecutor.java:83)
at org.openqa.selenium.remote.RemoteWebDriver.execute(RemoteWebDriver.java:552)
at org.openqa.selenium.remote.RemoteWebDriver.get(RemoteWebDriver.java:277)
at com.SoftSuave.BustelSpotMain.LoginPage.launch(LoginPage.java:26)
at com.SoftSuave.BustelSpotMain.LoginPage.loginToApplicationValid(LoginPage.java:31)
at com.SoftSuave.BustelSpotMain.LoginPage.loginToApplicationValid(LoginPage.java:22)
at com.SoftSuave.BustelSpotTest.MembersFunctionalityTest.membersFunctionality(MembersFunctionalityTest.java:17)
at java.base/java.util.ArrayList.forEach(ArrayList.java:1510)
... Removed 32 stack frames]]>
    </failure>
  </testcase> <!-- membersFunctionality -->
  <testcase classname="com.SoftSuave.BustelSpotTest.MembersFunctionalityTest" name="clickOnResendInvitationLink" time="0.05">
    <failure type="org.openqa.selenium.NoSuchWindowException" message="no such window: target window already closed
from unknown error: web view not found
  (Session info: chrome=83.0.4103.116)
Build info: version: &amp;apos;3.141.59&amp;apos;, revision: &amp;apos;e82be7d358&amp;apos;, time: &amp;apos;2018-11-14T08:17:03&amp;apos;
System info: host: &amp;apos;DESKTOP-H2H1S22&amp;apos;, ip: &amp;apos;192.168.43.209&amp;apos;, os.name: &amp;apos;Windows 10&amp;apos;, os.arch: &amp;apos;amd64&amp;apos;, os.version: &amp;apos;10.0&amp;apos;, java.version: &amp;apos;14.0.1&amp;apos;
Driver info: org.openqa.selenium.chrome.ChromeDriver
Capabilities {acceptInsecureCerts: false, browserName: chrome, browserVersion: 83.0.4103.116, chrome: {chromedriverVersion: 83.0.4103.39 (ccbf011cb2d2b..., userDataDir: C:\Users\DIVYAN~1\AppData\L...}, goog:chromeOptions: {debuggerAddress: localhost:54511}, javascriptEnabled: true, networkConnectionEnabled: false, pageLoadStrategy: normal, platform: WINDOWS, platformName: WINDOWS, proxy: Proxy(), setWindowRect: true, strictFileInteractability: false, timeouts: {implicit: 0, pageLoad: 300000, script: 30000}, unhandledPromptBehavior: dismiss and notify, webauthn:virtualAuthenticators: true}
Session ID: 8bac848853768b4030b6c0b6929bc3e5">
      <![CDATA[org.openqa.selenium.NoSuchWindowException: no such window: target window already closed
from unknown error: web view not found
  (Session info: chrome=83.0.4103.116)
Build info: version: '3.141.59', revision: 'e82be7d358', time: '2018-11-14T08:17:03'
System info: host: 'DESKTOP-H2H1S22', ip: '192.168.43.209', os.name: 'Windows 10', os.arch: 'amd64', os.version: '10.0', java.version: '14.0.1'
Driver info: org.openqa.selenium.chrome.ChromeDriver
Capabilities {acceptInsecureCerts: false, browserName: chrome, browserVersion: 83.0.4103.116, chrome: {chromedriverVersion: 83.0.4103.39 (ccbf011cb2d2b..., userDataDir: C:\Users\DIVYAN~1\AppData\L...}, goog:chromeOptions: {debuggerAddress: localhost:54511}, javascriptEnabled: true, networkConnectionEnabled: false, pageLoadStrategy: normal, platform: WINDOWS, platformName: WINDOWS, proxy: Proxy(), setWindowRect: true, strictFileInteractability: false, timeouts: {implicit: 0, pageLoad: 300000, script: 30000}, unhandledPromptBehavior: dismiss and notify, webauthn:virtualAuthenticators: true}
Session ID: 8bac848853768b4030b6c0b6929bc3e5
at org.openqa.selenium.remote.http.W3CHttpResponseCodec.createException(W3CHttpResponseCodec.java:187)
at org.openqa.selenium.remote.http.W3CHttpResponseCodec.decode(W3CHttpResponseCodec.java:122)
at org.openqa.selenium.remote.http.W3CHttpResponseCodec.decode(W3CHttpResponseCodec.java:49)
at org.openqa.selenium.remote.HttpCommandExecutor.execute(HttpCommandExecutor.java:158)
at org.openqa.selenium.remote.service.DriverCommandExecutor.execute(DriverCommandExecutor.java:83)
at org.openqa.selenium.remote.RemoteWebDriver.execute(RemoteWebDriver.java:552)
at org.openqa.selenium.remote.RemoteWebDriver.get(RemoteWebDriver.java:277)
at com.SoftSuave.BustelSpotMain.LoginPage.launch(LoginPage.java:26)
at com.SoftSuave.BustelSpotMain.LoginPage.loginToApplicationValid(LoginPage.java:31)
at com.SoftSuave.BustelSpotMain.LoginPage.loginToApplicationValid(LoginPage.java:22)
at com.SoftSuave.BustelSpotTest.MembersFunctionalityTest.clickOnResendInvitationLink(MembersFunctionalityTest.java:46)
at java.base/java.util.ArrayList.forEach(ArrayList.java:1510)
... Removed 32 stack frames]]>
    </failure>
  </testcase> <!-- clickOnResendInvitationLink -->
  <testcase classname="com.SoftSuave.BustelSpotTest.ForgetPasswordTest" name="clickOnLoginLinkInForgotPassword" time="0.005">
    <failure type="org.openqa.selenium.NoSuchWindowException" message="no such window: target window already closed
from unknown error: web view not found
  (Session info: chrome=83.0.4103.116)
Build info: version: &amp;apos;3.141.59&amp;apos;, revision: &amp;apos;e82be7d358&amp;apos;, time: &amp;apos;2018-11-14T08:17:03&amp;apos;
System info: host: &amp;apos;DESKTOP-H2H1S22&amp;apos;, ip: &amp;apos;192.168.43.209&amp;apos;, os.name: &amp;apos;Windows 10&amp;apos;, os.arch: &amp;apos;amd64&amp;apos;, os.version: &amp;apos;10.0&amp;apos;, java.version: &amp;apos;14.0.1&amp;apos;
Driver info: org.openqa.selenium.chrome.ChromeDriver
Capabilities {acceptInsecureCerts: false, browserName: chrome, browserVersion: 83.0.4103.116, chrome: {chromedriverVersion: 83.0.4103.39 (ccbf011cb2d2b..., userDataDir: C:\Users\DIVYAN~1\AppData\L...}, goog:chromeOptions: {debuggerAddress: localhost:54511}, javascriptEnabled: true, networkConnectionEnabled: false, pageLoadStrategy: normal, platform: WINDOWS, platformName: WINDOWS, proxy: Proxy(), setWindowRect: true, strictFileInteractability: false, timeouts: {implicit: 0, pageLoad: 300000, script: 30000}, unhandledPromptBehavior: dismiss and notify, webauthn:virtualAuthenticators: true}
Session ID: 8bac848853768b4030b6c0b6929bc3e5">
      <![CDATA[org.openqa.selenium.NoSuchWindowException: no such window: target window already closed
from unknown error: web view not found
  (Session info: chrome=83.0.4103.116)
Build info: version: '3.141.59', revision: 'e82be7d358', time: '2018-11-14T08:17:03'
System info: host: 'DESKTOP-H2H1S22', ip: '192.168.43.209', os.name: 'Windows 10', os.arch: 'amd64', os.version: '10.0', java.version: '14.0.1'
Driver info: org.openqa.selenium.chrome.ChromeDriver
Capabilities {acceptInsecureCerts: false, browserName: chrome, browserVersion: 83.0.4103.116, chrome: {chromedriverVersion: 83.0.4103.39 (ccbf011cb2d2b..., userDataDir: C:\Users\DIVYAN~1\AppData\L...}, goog:chromeOptions: {debuggerAddress: localhost:54511}, javascriptEnabled: true, networkConnectionEnabled: false, pageLoadStrategy: normal, platform: WINDOWS, platformName: WINDOWS, proxy: Proxy(), setWindowRect: true, strictFileInteractability: false, timeouts: {implicit: 0, pageLoad: 300000, script: 30000}, unhandledPromptBehavior: dismiss and notify, webauthn:virtualAuthenticators: true}
Session ID: 8bac848853768b4030b6c0b6929bc3e5
at org.openqa.selenium.remote.http.W3CHttpResponseCodec.createException(W3CHttpResponseCodec.java:187)
at org.openqa.selenium.remote.http.W3CHttpResponseCodec.decode(W3CHttpResponseCodec.java:122)
at org.openqa.selenium.remote.http.W3CHttpResponseCodec.decode(W3CHttpResponseCodec.java:49)
at org.openqa.selenium.remote.HttpCommandExecutor.execute(HttpCommandExecutor.java:158)
at org.openqa.selenium.remote.service.DriverCommandExecutor.execute(DriverCommandExecutor.java:83)
at org.openqa.selenium.remote.RemoteWebDriver.execute(RemoteWebDriver.java:552)
at org.openqa.selenium.remote.RemoteWebDriver.get(RemoteWebDriver.java:277)
at com.SoftSuave.BustelSpotMain.ForgetPassword.clickOnForgetPassword(ForgetPassword.java:23)
at com.SoftSuave.BustelSpotMain.ForgetPassword.getLoginLink(ForgetPassword.java:63)
at com.SoftSuave.BustelSpotTest.ForgetPasswordTest.clickOnLoginLinkInForgotPassword(ForgetPasswordTest.java:42)
at java.base/java.util.ArrayList.forEach(ArrayList.java:1510)
... Removed 32 stack frames]]>
    </failure>
  </testcase> <!-- clickOnLoginLinkInForgotPassword -->
  <testcase classname="com.SoftSuave.BustelSpotTest.ForgetPasswordTest" name="forgetPasswordInvalidEmailId" time="0.006">
    <failure type="org.openqa.selenium.NoSuchWindowException" message="no such window: target window already closed
from unknown error: web view not found
  (Session info: chrome=83.0.4103.116)
Build info: version: &amp;apos;3.141.59&amp;apos;, revision: &amp;apos;e82be7d358&amp;apos;, time: &amp;apos;2018-11-14T08:17:03&amp;apos;
System info: host: &amp;apos;DESKTOP-H2H1S22&amp;apos;, ip: &amp;apos;192.168.43.209&amp;apos;, os.name: &amp;apos;Windows 10&amp;apos;, os.arch: &amp;apos;amd64&amp;apos;, os.version: &amp;apos;10.0&amp;apos;, java.version: &amp;apos;14.0.1&amp;apos;
Driver info: org.openqa.selenium.chrome.ChromeDriver
Capabilities {acceptInsecureCerts: false, browserName: chrome, browserVersion: 83.0.4103.116, chrome: {chromedriverVersion: 83.0.4103.39 (ccbf011cb2d2b..., userDataDir: C:\Users\DIVYAN~1\AppData\L...}, goog:chromeOptions: {debuggerAddress: localhost:54511}, javascriptEnabled: true, networkConnectionEnabled: false, pageLoadStrategy: normal, platform: WINDOWS, platformName: WINDOWS, proxy: Proxy(), setWindowRect: true, strictFileInteractability: false, timeouts: {implicit: 0, pageLoad: 300000, script: 30000}, unhandledPromptBehavior: dismiss and notify, webauthn:virtualAuthenticators: true}
Session ID: 8bac848853768b4030b6c0b6929bc3e5">
      <![CDATA[org.openqa.selenium.NoSuchWindowException: no such window: target window already closed
from unknown error: web view not found
  (Session info: chrome=83.0.4103.116)
Build info: version: '3.141.59', revision: 'e82be7d358', time: '2018-11-14T08:17:03'
System info: host: 'DESKTOP-H2H1S22', ip: '192.168.43.209', os.name: 'Windows 10', os.arch: 'amd64', os.version: '10.0', java.version: '14.0.1'
Driver info: org.openqa.selenium.chrome.ChromeDriver
Capabilities {acceptInsecureCerts: false, browserName: chrome, browserVersion: 83.0.4103.116, chrome: {chromedriverVersion: 83.0.4103.39 (ccbf011cb2d2b..., userDataDir: C:\Users\DIVYAN~1\AppData\L...}, goog:chromeOptions: {debuggerAddress: localhost:54511}, javascriptEnabled: true, networkConnectionEnabled: false, pageLoadStrategy: normal, platform: WINDOWS, platformName: WINDOWS, proxy: Proxy(), setWindowRect: true, strictFileInteractability: false, timeouts: {implicit: 0, pageLoad: 300000, script: 30000}, unhandledPromptBehavior: dismiss and notify, webauthn:virtualAuthenticators: true}
Session ID: 8bac848853768b4030b6c0b6929bc3e5
at org.openqa.selenium.remote.http.W3CHttpResponseCodec.createException(W3CHttpResponseCodec.java:187)
at org.openqa.selenium.remote.http.W3CHttpResponseCodec.decode(W3CHttpResponseCodec.java:122)
at org.openqa.selenium.remote.http.W3CHttpResponseCodec.decode(W3CHttpResponseCodec.java:49)
at org.openqa.selenium.remote.HttpCommandExecutor.execute(HttpCommandExecutor.java:158)
at org.openqa.selenium.remote.service.DriverCommandExecutor.execute(DriverCommandExecutor.java:83)
at org.openqa.selenium.remote.RemoteWebDriver.execute(RemoteWebDriver.java:552)
at org.openqa.selenium.remote.RemoteWebDriver.get(RemoteWebDriver.java:277)
at com.SoftSuave.BustelSpotMain.ForgetPassword.clickOnForgetPassword(ForgetPassword.java:23)
at com.SoftSuave.BustelSpotMain.ForgetPassword.forgetPassword(ForgetPassword.java:35)
at com.SoftSuave.BustelSpotTest.ForgetPasswordTest.forgetPasswordInvalidEmailId(ForgetPasswordTest.java:22)
at java.base/java.util.ArrayList.forEach(ArrayList.java:1510)
... Removed 32 stack frames]]>
    </failure>
  </testcase> <!-- forgetPasswordInvalidEmailId -->
  <testcase classname="com.SoftSuave.BustelSpotTest.ForgetPasswordTest" name="forgetPasswordNoData" time="0.004">
    <failure type="org.openqa.selenium.NoSuchWindowException" message="no such window: target window already closed
from unknown error: web view not found
  (Session info: chrome=83.0.4103.116)
Build info: version: &amp;apos;3.141.59&amp;apos;, revision: &amp;apos;e82be7d358&amp;apos;, time: &amp;apos;2018-11-14T08:17:03&amp;apos;
System info: host: &amp;apos;DESKTOP-H2H1S22&amp;apos;, ip: &amp;apos;192.168.43.209&amp;apos;, os.name: &amp;apos;Windows 10&amp;apos;, os.arch: &amp;apos;amd64&amp;apos;, os.version: &amp;apos;10.0&amp;apos;, java.version: &amp;apos;14.0.1&amp;apos;
Driver info: org.openqa.selenium.chrome.ChromeDriver
Capabilities {acceptInsecureCerts: false, browserName: chrome, browserVersion: 83.0.4103.116, chrome: {chromedriverVersion: 83.0.4103.39 (ccbf011cb2d2b..., userDataDir: C:\Users\DIVYAN~1\AppData\L...}, goog:chromeOptions: {debuggerAddress: localhost:54511}, javascriptEnabled: true, networkConnectionEnabled: false, pageLoadStrategy: normal, platform: WINDOWS, platformName: WINDOWS, proxy: Proxy(), setWindowRect: true, strictFileInteractability: false, timeouts: {implicit: 0, pageLoad: 300000, script: 30000}, unhandledPromptBehavior: dismiss and notify, webauthn:virtualAuthenticators: true}
Session ID: 8bac848853768b4030b6c0b6929bc3e5">
      <![CDATA[org.openqa.selenium.NoSuchWindowException: no such window: target window already closed
from unknown error: web view not found
  (Session info: chrome=83.0.4103.116)
Build info: version: '3.141.59', revision: 'e82be7d358', time: '2018-11-14T08:17:03'
System info: host: 'DESKTOP-H2H1S22', ip: '192.168.43.209', os.name: 'Windows 10', os.arch: 'amd64', os.version: '10.0', java.version: '14.0.1'
Driver info: org.openqa.selenium.chrome.ChromeDriver
Capabilities {acceptInsecureCerts: false, browserName: chrome, browserVersion: 83.0.4103.116, chrome: {chromedriverVersion: 83.0.4103.39 (ccbf011cb2d2b..., userDataDir: C:\Users\DIVYAN~1\AppData\L...}, goog:chromeOptions: {debuggerAddress: localhost:54511}, javascriptEnabled: true, networkConnectionEnabled: false, pageLoadStrategy: normal, platform: WINDOWS, platformName: WINDOWS, proxy: Proxy(), setWindowRect: true, strictFileInteractability: false, timeouts: {implicit: 0, pageLoad: 300000, script: 30000}, unhandledPromptBehavior: dismiss and notify, webauthn:virtualAuthenticators: true}
Session ID: 8bac848853768b4030b6c0b6929bc3e5
at org.openqa.selenium.remote.http.W3CHttpResponseCodec.createException(W3CHttpResponseCodec.java:187)
at org.openqa.selenium.remote.http.W3CHttpResponseCodec.decode(W3CHttpResponseCodec.java:122)
at org.openqa.selenium.remote.http.W3CHttpResponseCodec.decode(W3CHttpResponseCodec.java:49)
at org.openqa.selenium.remote.HttpCommandExecutor.execute(HttpCommandExecutor.java:158)
at org.openqa.selenium.remote.service.DriverCommandExecutor.execute(DriverCommandExecutor.java:83)
at org.openqa.selenium.remote.RemoteWebDriver.execute(RemoteWebDriver.java:552)
at org.openqa.selenium.remote.RemoteWebDriver.get(RemoteWebDriver.java:277)
at com.SoftSuave.BustelSpotMain.ForgetPassword.clickOnForgetPassword(ForgetPassword.java:23)
at com.SoftSuave.BustelSpotMain.ForgetPassword.forgetPasswordErrorMessage(ForgetPassword.java:49)
at com.SoftSuave.BustelSpotTest.ForgetPasswordTest.forgetPasswordNoData(ForgetPasswordTest.java:36)
at java.base/java.util.ArrayList.forEach(ArrayList.java:1510)
... Removed 32 stack frames]]>
    </failure>
  </testcase> <!-- forgetPasswordNoData -->
  <testcase classname="com.SoftSuave.BustelSpotTest.ForgetPasswordTest" name="forgetPasswordShortEmailId" time="0.007">
    <failure type="org.openqa.selenium.NoSuchWindowException" message="no such window: target window already closed
from unknown error: web view not found
  (Session info: chrome=83.0.4103.116)
Build info: version: &amp;apos;3.141.59&amp;apos;, revision: &amp;apos;e82be7d358&amp;apos;, time: &amp;apos;2018-11-14T08:17:03&amp;apos;
System info: host: &amp;apos;DESKTOP-H2H1S22&amp;apos;, ip: &amp;apos;192.168.43.209&amp;apos;, os.name: &amp;apos;Windows 10&amp;apos;, os.arch: &amp;apos;amd64&amp;apos;, os.version: &amp;apos;10.0&amp;apos;, java.version: &amp;apos;14.0.1&amp;apos;
Driver info: org.openqa.selenium.chrome.ChromeDriver
Capabilities {acceptInsecureCerts: false, browserName: chrome, browserVersion: 83.0.4103.116, chrome: {chromedriverVersion: 83.0.4103.39 (ccbf011cb2d2b..., userDataDir: C:\Users\DIVYAN~1\AppData\L...}, goog:chromeOptions: {debuggerAddress: localhost:54511}, javascriptEnabled: true, networkConnectionEnabled: false, pageLoadStrategy: normal, platform: WINDOWS, platformName: WINDOWS, proxy: Proxy(), setWindowRect: true, strictFileInteractability: false, timeouts: {implicit: 0, pageLoad: 300000, script: 30000}, unhandledPromptBehavior: dismiss and notify, webauthn:virtualAuthenticators: true}
Session ID: 8bac848853768b4030b6c0b6929bc3e5">
      <![CDATA[org.openqa.selenium.NoSuchWindowException: no such window: target window already closed
from unknown error: web view not found
  (Session info: chrome=83.0.4103.116)
Build info: version: '3.141.59', revision: 'e82be7d358', time: '2018-11-14T08:17:03'
System info: host: 'DESKTOP-H2H1S22', ip: '192.168.43.209', os.name: 'Windows 10', os.arch: 'amd64', os.version: '10.0', java.version: '14.0.1'
Driver info: org.openqa.selenium.chrome.ChromeDriver
Capabilities {acceptInsecureCerts: false, browserName: chrome, browserVersion: 83.0.4103.116, chrome: {chromedriverVersion: 83.0.4103.39 (ccbf011cb2d2b..., userDataDir: C:\Users\DIVYAN~1\AppData\L...}, goog:chromeOptions: {debuggerAddress: localhost:54511}, javascriptEnabled: true, networkConnectionEnabled: false, pageLoadStrategy: normal, platform: WINDOWS, platformName: WINDOWS, proxy: Proxy(), setWindowRect: true, strictFileInteractability: false, timeouts: {implicit: 0, pageLoad: 300000, script: 30000}, unhandledPromptBehavior: dismiss and notify, webauthn:virtualAuthenticators: true}
Session ID: 8bac848853768b4030b6c0b6929bc3e5
at org.openqa.selenium.remote.http.W3CHttpResponseCodec.createException(W3CHttpResponseCodec.java:187)
at org.openqa.selenium.remote.http.W3CHttpResponseCodec.decode(W3CHttpResponseCodec.java:122)
at org.openqa.selenium.remote.http.W3CHttpResponseCodec.decode(W3CHttpResponseCodec.java:49)
at org.openqa.selenium.remote.HttpCommandExecutor.execute(HttpCommandExecutor.java:158)
at org.openqa.selenium.remote.service.DriverCommandExecutor.execute(DriverCommandExecutor.java:83)
at org.openqa.selenium.remote.RemoteWebDriver.execute(RemoteWebDriver.java:552)
at org.openqa.selenium.remote.RemoteWebDriver.get(RemoteWebDriver.java:277)
at com.SoftSuave.BustelSpotMain.ForgetPassword.clickOnForgetPassword(ForgetPassword.java:23)
at com.SoftSuave.BustelSpotMain.ForgetPassword.forgetPasswordErrorMessage(ForgetPassword.java:49)
at com.SoftSuave.BustelSpotTest.ForgetPasswordTest.forgetPasswordShortEmailId(ForgetPasswordTest.java:29)
at java.base/java.util.ArrayList.forEach(ArrayList.java:1510)
... Removed 31 stack frames]]>
    </failure>
  </testcase> <!-- forgetPasswordShortEmailId -->
  <testcase classname="com.SoftSuave.BustelSpotTest.ForgetPasswordTest" name="forgetPasswordValidEmailId" time="0.007">
    <failure type="org.openqa.selenium.NoSuchWindowException" message="no such window: target window already closed
from unknown error: web view not found
  (Session info: chrome=83.0.4103.116)
Build info: version: &amp;apos;3.141.59&amp;apos;, revision: &amp;apos;e82be7d358&amp;apos;, time: &amp;apos;2018-11-14T08:17:03&amp;apos;
System info: host: &amp;apos;DESKTOP-H2H1S22&amp;apos;, ip: &amp;apos;192.168.43.209&amp;apos;, os.name: &amp;apos;Windows 10&amp;apos;, os.arch: &amp;apos;amd64&amp;apos;, os.version: &amp;apos;10.0&amp;apos;, java.version: &amp;apos;14.0.1&amp;apos;
Driver info: org.openqa.selenium.chrome.ChromeDriver
Capabilities {acceptInsecureCerts: false, browserName: chrome, browserVersion: 83.0.4103.116, chrome: {chromedriverVersion: 83.0.4103.39 (ccbf011cb2d2b..., userDataDir: C:\Users\DIVYAN~1\AppData\L...}, goog:chromeOptions: {debuggerAddress: localhost:54511}, javascriptEnabled: true, networkConnectionEnabled: false, pageLoadStrategy: normal, platform: WINDOWS, platformName: WINDOWS, proxy: Proxy(), setWindowRect: true, strictFileInteractability: false, timeouts: {implicit: 0, pageLoad: 300000, script: 30000}, unhandledPromptBehavior: dismiss and notify, webauthn:virtualAuthenticators: true}
Session ID: 8bac848853768b4030b6c0b6929bc3e5">
      <![CDATA[org.openqa.selenium.NoSuchWindowException: no such window: target window already closed
from unknown error: web view not found
  (Session info: chrome=83.0.4103.116)
Build info: version: '3.141.59', revision: 'e82be7d358', time: '2018-11-14T08:17:03'
System info: host: 'DESKTOP-H2H1S22', ip: '192.168.43.209', os.name: 'Windows 10', os.arch: 'amd64', os.version: '10.0', java.version: '14.0.1'
Driver info: org.openqa.selenium.chrome.ChromeDriver
Capabilities {acceptInsecureCerts: false, browserName: chrome, browserVersion: 83.0.4103.116, chrome: {chromedriverVersion: 83.0.4103.39 (ccbf011cb2d2b..., userDataDir: C:\Users\DIVYAN~1\AppData\L...}, goog:chromeOptions: {debuggerAddress: localhost:54511}, javascriptEnabled: true, networkConnectionEnabled: false, pageLoadStrategy: normal, platform: WINDOWS, platformName: WINDOWS, proxy: Proxy(), setWindowRect: true, strictFileInteractability: false, timeouts: {implicit: 0, pageLoad: 300000, script: 30000}, unhandledPromptBehavior: dismiss and notify, webauthn:virtualAuthenticators: true}
Session ID: 8bac848853768b4030b6c0b6929bc3e5
at org.openqa.selenium.remote.http.W3CHttpResponseCodec.createException(W3CHttpResponseCodec.java:187)
at org.openqa.selenium.remote.http.W3CHttpResponseCodec.decode(W3CHttpResponseCodec.java:122)
at org.openqa.selenium.remote.http.W3CHttpResponseCodec.decode(W3CHttpResponseCodec.java:49)
at org.openqa.selenium.remote.HttpCommandExecutor.execute(HttpCommandExecutor.java:158)
at org.openqa.selenium.remote.service.DriverCommandExecutor.execute(DriverCommandExecutor.java:83)
at org.openqa.selenium.remote.RemoteWebDriver.execute(RemoteWebDriver.java:552)
at org.openqa.selenium.remote.RemoteWebDriver.get(RemoteWebDriver.java:277)
at com.SoftSuave.BustelSpotMain.ForgetPassword.clickOnForgetPassword(ForgetPassword.java:23)
at com.SoftSuave.BustelSpotMain.ForgetPassword.forgetPassword(ForgetPassword.java:35)
at com.SoftSuave.BustelSpotTest.ForgetPasswordTest.forgetPasswordValidEmailId(ForgetPasswordTest.java:15)
at java.base/java.util.ArrayList.forEach(ArrayList.java:1510)
... Removed 31 stack frames]]>
    </failure>
  </testcase> <!-- forgetPasswordValidEmailId -->
  <testcase classname="com.SoftSuave.BustelSpotTest.ForgetPasswordTest" name="clickOnLogin" time="0.005">
    <failure type="org.openqa.selenium.NoSuchWindowException" message="no such window: target window already closed
from unknown error: web view not found
  (Session info: chrome=83.0.4103.116)
Build info: version: &amp;apos;3.141.59&amp;apos;, revision: &amp;apos;e82be7d358&amp;apos;, time: &amp;apos;2018-11-14T08:17:03&amp;apos;
System info: host: &amp;apos;DESKTOP-H2H1S22&amp;apos;, ip: &amp;apos;192.168.43.209&amp;apos;, os.name: &amp;apos;Windows 10&amp;apos;, os.arch: &amp;apos;amd64&amp;apos;, os.version: &amp;apos;10.0&amp;apos;, java.version: &amp;apos;14.0.1&amp;apos;
Driver info: org.openqa.selenium.chrome.ChromeDriver
Capabilities {acceptInsecureCerts: false, browserName: chrome, browserVersion: 83.0.4103.116, chrome: {chromedriverVersion: 83.0.4103.39 (ccbf011cb2d2b..., userDataDir: C:\Users\DIVYAN~1\AppData\L...}, goog:chromeOptions: {debuggerAddress: localhost:54511}, javascriptEnabled: true, networkConnectionEnabled: false, pageLoadStrategy: normal, platform: WINDOWS, platformName: WINDOWS, proxy: Proxy(), setWindowRect: true, strictFileInteractability: false, timeouts: {implicit: 0, pageLoad: 300000, script: 30000}, unhandledPromptBehavior: dismiss and notify, webauthn:virtualAuthenticators: true}
Session ID: 8bac848853768b4030b6c0b6929bc3e5">
      <![CDATA[org.openqa.selenium.NoSuchWindowException: no such window: target window already closed
from unknown error: web view not found
  (Session info: chrome=83.0.4103.116)
Build info: version: '3.141.59', revision: 'e82be7d358', time: '2018-11-14T08:17:03'
System info: host: 'DESKTOP-H2H1S22', ip: '192.168.43.209', os.name: 'Windows 10', os.arch: 'amd64', os.version: '10.0', java.version: '14.0.1'
Driver info: org.openqa.selenium.chrome.ChromeDriver
Capabilities {acceptInsecureCerts: false, browserName: chrome, browserVersion: 83.0.4103.116, chrome: {chromedriverVersion: 83.0.4103.39 (ccbf011cb2d2b..., userDataDir: C:\Users\DIVYAN~1\AppData\L...}, goog:chromeOptions: {debuggerAddress: localhost:54511}, javascriptEnabled: true, networkConnectionEnabled: false, pageLoadStrategy: normal, platform: WINDOWS, platformName: WINDOWS, proxy: Proxy(), setWindowRect: true, strictFileInteractability: false, timeouts: {implicit: 0, pageLoad: 300000, script: 30000}, unhandledPromptBehavior: dismiss and notify, webauthn:virtualAuthenticators: true}
Session ID: 8bac848853768b4030b6c0b6929bc3e5
at org.openqa.selenium.remote.http.W3CHttpResponseCodec.createException(W3CHttpResponseCodec.java:187)
at org.openqa.selenium.remote.http.W3CHttpResponseCodec.decode(W3CHttpResponseCodec.java:122)
at org.openqa.selenium.remote.http.W3CHttpResponseCodec.decode(W3CHttpResponseCodec.java:49)
at org.openqa.selenium.remote.HttpCommandExecutor.execute(HttpCommandExecutor.java:158)
at org.openqa.selenium.remote.service.DriverCommandExecutor.execute(DriverCommandExecutor.java:83)
at org.openqa.selenium.remote.RemoteWebDriver.execute(RemoteWebDriver.java:552)
at org.openqa.selenium.remote.RemoteWebDriver.get(RemoteWebDriver.java:277)
at com.SoftSuave.BustelSpotMain.ForgetPassword.clickOnForgetPassword(ForgetPassword.java:23)
at com.SoftSuave.BustelSpotTest.ForgetPasswordTest.clickOnLogin(ForgetPasswordTest.java:47)
at java.base/java.util.ArrayList.forEach(ArrayList.java:1510)
... Removed 31 stack frames]]>
    </failure>
  </testcase> <!-- clickOnLogin -->
  <testcase classname="com.SoftSuave.BustelSpotTest.DownloadTrackerTest" name="clickOnDownloadTracker" time="0.09">
[...]
Session ID: 8bac848853768b4030b6c0b6929bc3e5
at org.openqa.selenium.remote.http.W3CHttpResponseCodec.createException(W3CHttpResponseCodec.java:187)
at org.openqa.selenium.remote.http.W3CHttpResponseCodec.decode(W3CHttpResponseCodec.java:122)
at org.openqa.selenium.remote.http.W3CHttpResponseCodec.decode(W3CHttpResponseCodec.java:49)
at org.openqa.selenium.remote.HttpCommandExecutor.execute(HttpCommandExecutor.java:158)
at org.openqa.selenium.remote.service.DriverCommandExecutor.execute(DriverCommandExecutor.java:83)
at org.openqa.selenium.remote.RemoteWebDriver.execute(RemoteWebDriver.java:552)
at org.openqa.selenium.remote.RemoteWebDriver.get(RemoteWebDriver.java:277)
at com.SoftSuave.BustelSpotMain.LoginPage.launch(LoginPage.java:26)
at com.SoftSuave.BustelSpotMain.LoginPage.loginToApplicationValid(LoginPage.java:31)
at com.SoftSuave.BustelSpotMain.LoginPage.loginToApplicationValid(LoginPage.java:22)
at com.SoftSuave.BustelSpotTest.CreateManagementTest.createOrganisationDublicates(CreateManagementTest.java:47)
at java.base/java.util.ArrayList.forEach(ArrayList.java:1510)
... Removed 31 stack frames]]>
    </failure>
  </testcase> <!-- createOrganisationDublicates -->
  <testcase classname="com.SoftSuave.BustelSpotTest.CreateManagementTest" name="editManagementFunctionality" time="0.045">
    <failure type="org.openqa.selenium.NoSuchWindowException" message="no such window: target window already closed
from unknown error: web view not found
  (Session info: chrome=83.0.4103.116)
Build info: version: &amp;apos;3.141.59&amp;apos;, revision: &amp;apos;e82be7d358&amp;apos;, time: &amp;apos;2018-11-14T08:17:03&amp;apos;
System info: host: &amp;apos;DESKTOP-H2H1S22&amp;apos;, ip: &amp;apos;192.168.43.209&amp;apos;, os.name: &amp;apos;Windows 10&amp;apos;, os.arch: &amp;apos;amd64&amp;apos;, os.version: &amp;apos;10.0&amp;apos;, java.version: &amp;apos;14.0.1&amp;apos;
Driver info: org.openqa.selenium.chrome.ChromeDriver
Capabilities {acceptInsecureCerts: false, browserName: chrome, browserVersion: 83.0.4103.116, chrome: {chromedriverVersion: 83.0.4103.39 (ccbf011cb2d2b..., userDataDir: C:\Users\DIVYAN~1\AppData\L...}, goog:chromeOptions: {debuggerAddress: localhost:54511}, javascriptEnabled: true, networkConnectionEnabled: false, pageLoadStrategy: normal, platform: WINDOWS, platformName: WINDOWS, proxy: Proxy(), setWindowRect: true, strictFileInteractability: false, timeouts: {implicit: 0, pageLoad: 300000, script: 30000}, unhandledPromptBehavior: dismiss and notify, webauthn:virtualAuthenticators: true}
Session ID: 8bac848853768b4030b6c0b6929bc3e5">
      <![CDATA[org.openqa.selenium.NoSuchWindowException: no such window: target window already closed
from unknown error: web view not found
  (Session info: chrome=83.0.4103.116)
Build info: version: '3.141.59', revision: 'e82be7d358', time: '2018-11-14T08:17:03'
System info: host: 'DESKTOP-H2H1S22', ip: '192.168.43.209', os.name: 'Windows 10', os.arch: 'amd64', os.version: '10.0', java.version: '14.0.1'
Driver info: org.openqa.selenium.chrome.ChromeDriver
Capabilities {acceptInsecureCerts: false, browserName: chrome, browserVersion: 83.0.4103.116, chrome: {chromedriverVersion: 83.0.4103.39 (ccbf011cb2d2b..., userDataDir: C:\Users\DIVYAN~1\AppData\L...}, goog:chromeOptions: {debuggerAddress: localhost:54511}, javascriptEnabled: true, networkConnectionEnabled: false, pageLoadStrategy: normal, platform: WINDOWS, platformName: WINDOWS, proxy: Proxy(), setWindowRect: true, strictFileInteractability: false, timeouts: {implicit: 0, pageLoad: 300000, script: 30000}, unhandledPromptBehavior: dismiss and notify, webauthn:virtualAuthenticators: true}
Session ID: 8bac848853768b4030b6c0b6929bc3e5
at org.openqa.selenium.remote.http.W3CHttpResponseCodec.createException(W3CHttpResponseCodec.java:187)
at org.openqa.selenium.remote.http.W3CHttpResponseCodec.decode(W3CHttpResponseCodec.java:122)
at org.openqa.selenium.remote.http.W3CHttpResponseCodec.decode(W3CHttpResponseCodec.java:49)
at org.openqa.selenium.remote.HttpCommandExecutor.execute(HttpCommandExecutor.java:158)
at org.openqa.selenium.remote.service.DriverCommandExecutor.execute(DriverCommandExecutor.java:83)
at org.openqa.selenium.remote.RemoteWebDriver.execute(RemoteWebDriver.java:552)
at org.openqa.selenium.remote.RemoteWebDriver.get(RemoteWebDriver.java:277)
at com.SoftSuave.BustelSpotMain.LoginPage.launch(LoginPage.java:26)
at com.SoftSuave.BustelSpotMain.LoginPage.loginToApplicationValid(LoginPage.java:31)
at com.SoftSuave.BustelSpotMain.LoginPage.loginToApplicationValid(LoginPage.java:22)
at com.SoftSuave.BustelSpotTest.CreateManagementTest.editManagementFunctionality(CreateManagementTest.java:62)
at java.base/java.util.ArrayList.forEach(ArrayList.java:1510)
... Removed 31 stack frames]]>
    </failure>
  </testcase> <!-- editManagementFunctionality -->
  <testcase classname="com.SoftSuave.BustelSpotTest.CreateManagementTest" name="clickOnParticularManagementTest" time="0.041">
    <failure type="org.openqa.selenium.NoSuchWindowException" message="no such window: target window already closed
from unknown error: web view not found
  (Session info: chrome=83.0.4103.116)
Build info: version: &amp;apos;3.141.59&amp;apos;, revision: &amp;apos;e82be7d358&amp;apos;, time: &amp;apos;2018-11-14T08:17:03&amp;apos;
System info: host: &amp;apos;DESKTOP-H2H1S22&amp;apos;, ip: &amp;apos;192.168.43.209&amp;apos;, os.name: &amp;apos;Windows 10&amp;apos;, os.arch: &amp;apos;amd64&amp;apos;, os.version: &amp;apos;10.0&amp;apos;, java.version: &amp;apos;14.0.1&amp;apos;
Driver info: org.openqa.selenium.chrome.ChromeDriver
Capabilities {acceptInsecureCerts: false, browserName: chrome, browserVersion: 83.0.4103.116, chrome: {chromedriverVersion: 83.0.4103.39 (ccbf011cb2d2b..., userDataDir: C:\Users\DIVYAN~1\AppData\L...}, goog:chromeOptions: {debuggerAddress: localhost:54511}, javascriptEnabled: true, networkConnectionEnabled: false, pageLoadStrategy: normal, platform: WINDOWS, platformName: WINDOWS, proxy: Proxy(), setWindowRect: true, strictFileInteractability: false, timeouts: {implicit: 0, pageLoad: 300000, script: 30000}, unhandledPromptBehavior: dismiss and notify, webauthn:virtualAuthenticators: true}
Session ID: 8bac848853768b4030b6c0b6929bc3e5">
      <![CDATA[org.openqa.selenium.NoSuchWindowException: no such window: target window already closed
from unknown error: web view not found
  (Session info: chrome=83.0.4103.116)
Build info: version: '3.141.59', revision: 'e82be7d358', time: '2018-11-14T08:17:03'
System info: host: 'DESKTOP-H2H1S22', ip: '192.168.43.209', os.name: 'Windows 10', os.arch: 'amd64', os.version: '10.0', java.version: '14.0.1'
Driver info: org.openqa.selenium.chrome.ChromeDriver
Capabilities {acceptInsecureCerts: false, browserName: chrome, browserVersion: 83.0.4103.116, chrome: {chromedriverVersion: 83.0.4103.39 (ccbf011cb2d2b..., userDataDir: C:\Users\DIVYAN~1\AppData\L...}, goog:chromeOptions: {debuggerAddress: localhost:54511}, javascriptEnabled: true, networkConnectionEnabled: false, pageLoadStrategy: normal, platform: WINDOWS, platformName: WINDOWS, proxy: Proxy(), setWindowRect: true, strictFileInteractability: false, timeouts: {implicit: 0, pageLoad: 300000, script: 30000}, unhandledPromptBehavior: dismiss and notify, webauthn:virtualAuthenticators: true}
Session ID: 8bac848853768b4030b6c0b6929bc3e5
at org.openqa.selenium.remote.http.W3CHttpResponseCodec.createException(W3CHttpResponseCodec.java:187)
at org.openqa.selenium.remote.http.W3CHttpResponseCodec.decode(W3CHttpResponseCodec.java:122)
at org.openqa.selenium.remote.http.W3CHttpResponseCodec.decode(W3CHttpResponseCodec.java:49)
at org.openqa.selenium.remote.HttpCommandExecutor.execute(HttpCommandExecutor.java:158)
at org.openqa.selenium.remote.service.DriverCommandExecutor.execute(DriverCommandExecutor.java:83)
at org.openqa.selenium.remote.RemoteWebDriver.execute(RemoteWebDriver.java:552)
at org.openqa.selenium.remote.RemoteWebDriver.get(RemoteWebDriver.java:277)
at com.SoftSuave.BustelSpotMain.LoginPage.launch(LoginPage.java:26)
at com.SoftSuave.BustelSpotMain.LoginPage.loginToApplicationValid(LoginPage.java:31)
at com.SoftSuave.BustelSpotMain.LoginPage.loginToApplicationValid(LoginPage.java:22)
at com.SoftSuave.BustelSpotTest.CreateManagementTest.clickOnParticularManagementTest(CreateManagementTest.java:85)
at java.base/java.util.ArrayList.forEach(ArrayList.java:1510)
... Removed 31 stack frames]]>
    </failure>
  </testcase> <!-- clickOnParticularManagementTest -->
  <testcase classname="com.SoftSuave.BustelSpotTest.CreateManagementTest" name="clickOnParticularManagementTestAndResfresh" time="0.042">
    <failure type="org.openqa.selenium.NoSuchWindowException" message="no such window: target window already closed
from unknown error: web view not found
  (Session info: chrome=83.0.4103.116)
Build info: version: &amp;apos;3.141.59&amp;apos;, revision: &amp;apos;e82be7d358&amp;apos;, time: &amp;apos;2018-11-14T08:17:03&amp;apos;
System info: host: &amp;apos;DESKTOP-H2H1S22&amp;apos;, ip: &amp;apos;192.168.43.209&amp;apos;, os.name: &amp;apos;Windows 10&amp;apos;, os.arch: &amp;apos;amd64&amp;apos;, os.version: &amp;apos;10.0&amp;apos;, java.version: &amp;apos;14.0.1&amp;apos;
Driver info: org.openqa.selenium.chrome.ChromeDriver
Capabilities {acceptInsecureCerts: false, browserName: chrome, browserVersion: 83.0.4103.116, chrome: {chromedriverVersion: 83.0.4103.39 (ccbf011cb2d2b..., userDataDir: C:\Users\DIVYAN~1\AppData\L...}, goog:chromeOptions: {debuggerAddress: localhost:54511}, javascriptEnabled: true, networkConnectionEnabled: false, pageLoadStrategy: normal, platform: WINDOWS, platformName: WINDOWS, proxy: Proxy(), setWindowRect: true, strictFileInteractability: false, timeouts: {implicit: 0, pageLoad: 300000, script: 30000}, unhandledPromptBehavior: dismiss and notify, webauthn:virtualAuthenticators: true}
Session ID: 8bac848853768b4030b6c0b6929bc3e5">
      <![CDATA[org.openqa.selenium.NoSuchWindowException: no such window: target window already closed
from unknown error: web view not found
  (Session info: chrome=83.0.4103.116)
Build info: version: '3.141.59', revision: 'e82be7d358', time: '2018-11-14T08:17:03'
System info: host: 'DESKTOP-H2H1S22', ip: '192.168.43.209', os.name: 'Windows 10', os.arch: 'amd64', os.version: '10.0', java.version: '14.0.1'
Driver info: org.openqa.selenium.chrome.ChromeDriver
Capabilities {acceptInsecureCerts: false, browserName: chrome, browserVersion: 83.0.4103.116, chrome: {chromedriverVersion: 83.0.4103.39 (ccbf011cb2d2b..., userDataDir: C:\Users\DIVYAN~1\AppData\L...}, goog:chromeOptions: {debuggerAddress: localhost:54511}, javascriptEnabled: true, networkConnectionEnabled: false, pageLoadStrategy: normal, platform: WINDOWS, platformName: WINDOWS, proxy: Proxy(), setWindowRect: true, strictFileInteractability: false, timeouts: {implicit: 0, pageLoad: 300000, script: 30000}, unhandledPromptBehavior: dismiss and notify, webauthn:virtualAuthenticators: true}
Session ID: 8bac848853768b4030b6c0b6929bc3e5
at org.openqa.selenium.remote.http.W3CHttpResponseCodec.createException(W3CHttpResponseCodec.java:187)
at org.openqa.selenium.remote.http.W3CHttpResponseCodec.decode(W3CHttpResponseCodec.java:122)
at org.openqa.selenium.remote.http.W3CHttpResponseCodec.decode(W3CHttpResponseCodec.java:49)
at org.openqa.selenium.remote.HttpCommandExecutor.execute(HttpCommandExecutor.java:158)
at org.openqa.selenium.remote.service.DriverCommandExecutor.execute(DriverCommandExecutor.java:83)
at org.openqa.selenium.remote.RemoteWebDriver.execute(RemoteWebDriver.java:552)
at org.openqa.selenium.remote.RemoteWebDriver.get(RemoteWebDriver.java:277)
at com.SoftSuave.BustelSpotMain.LoginPage.launch(LoginPage.java:26)
at com.SoftSuave.BustelSpotMain.LoginPage.loginToApplicationValid(LoginPage.java:31)
at com.SoftSuave.BustelSpotMain.LoginPage.loginToApplicationValid(LoginPage.java:22)
at com.SoftSuave.BustelSpotTest.CreateManagementTest.clickOnParticularManagementTestAndResfresh(CreateManagementTest.java:94)
at java.base/java.util.ArrayList.forEach(ArrayList.java:1510)
... Removed 31 stack frames]]>
    </failure>
  </testcase> <!-- clickOnParticularManagementTestAndResfresh -->
  <testcase classname="com.SoftSuave.BustelSpotTest.CreateManagementTest" name="deleteManagementFunctionality" time="0.066">
    <failure type="org.openqa.selenium.NoSuchWindowException" message="no such window: target window already closed
from unknown error: web view not found
  (Session info: chrome=83.0.4103.116)
Build info: version: &amp;apos;3.141.59&amp;apos;, revision: &amp;apos;e82be7d358&amp;apos;, time: &amp;apos;2018-11-14T08:17:03&amp;apos;
System info: host: &amp;apos;DESKTOP-H2H1S22&amp;apos;, ip: &amp;apos;192.168.43.209&amp;apos;, os.name: &amp;apos;Windows 10&amp;apos;, os.arch: &amp;apos;amd64&amp;apos;, os.version: &amp;apos;10.0&amp;apos;, java.version: &amp;apos;14.0.1&amp;apos;
Driver info: org.openqa.selenium.chrome.ChromeDriver
Capabilities {acceptInsecureCerts: false, browserName: chrome, browserVersion: 83.0.4103.116, chrome: {chromedriverVersion: 83.0.4103.39 (ccbf011cb2d2b..., userDataDir: C:\Users\DIVYAN~1\AppData\L...}, goog:chromeOptions: {debuggerAddress: localhost:54511}, javascriptEnabled: true, networkConnectionEnabled: false, pageLoadStrategy: normal, platform: WINDOWS, platformName: WINDOWS, proxy: Proxy(), setWindowRect: true, strictFileInteractability: false, timeouts: {implicit: 0, pageLoad: 300000, script: 30000}, unhandledPromptBehavior: dismiss and notify, webauthn:virtualAuthenticators: true}
Session ID: 8bac848853768b4030b6c0b6929bc3e5">
      <![CDATA[org.openqa.selenium.NoSuchWindowException: no such window: target window already closed
from unknown error: web view not found
  (Session info: chrome=83.0.4103.116)
Build info: version: '3.141.59', revision: 'e82be7d358', time: '2018-11-14T08:17:03'
System info: host: 'DESKTOP-H2H1S22', ip: '192.168.43.209', os.name: 'Windows 10', os.arch: 'amd64', os.version: '10.0', java.version: '14.0.1'
Driver info: org.openqa.selenium.chrome.ChromeDriver
Capabilities {acceptInsecureCerts: false, browserName: chrome, browserVersion: 83.0.4103.116, chrome: {chromedriverVersion: 83.0.4103.39 (ccbf011cb2d2b..., userDataDir: C:\Users\DIVYAN~1\AppData\L...}, goog:chromeOptions: {debuggerAddress: localhost:54511}, javascriptEnabled: true, networkConnectionEnabled: false, pageLoadStrategy: normal, platform: WINDOWS, platformName: WINDOWS, proxy: Proxy(), setWindowRect: true, strictFileInteractability: false, timeouts: {implicit: 0, pageLoad: 300000, script: 30000}, unhandledPromptBehavior: dismiss and notify, webauthn:virtualAuthenticators: true}
Session ID: 8bac848853768b4030b6c0b6929bc3e5
at org.openqa.selenium.remote.http.W3CHttpResponseCodec.createException(W3CHttpResponseCodec.java:187)
at org.openqa.selenium.remote.http.W3CHttpResponseCodec.decode(W3CHttpResponseCodec.java:122)
at org.openqa.selenium.remote.http.W3CHttpResponseCodec.decode(W3CHttpResponseCodec.java:49)
at org.openqa.selenium.remote.HttpCommandExecutor.execute(HttpCommandExecutor.java:158)
at org.openqa.selenium.remote.service.DriverCommandExecutor.execute(DriverCommandExecutor.java:83)
at org.openqa.selenium.remote.RemoteWebDriver.execute(RemoteWebDriver.java:552)
at org.openqa.selenium.remote.RemoteWebDriver.get(RemoteWebDriver.java:277)
at com.SoftSuave.BustelSpotMain.LoginPage.launch(LoginPage.java:26)
at com.SoftSuave.BustelSpotMain.LoginPage.loginToApplicationValid(LoginPage.java:31)
at com.SoftSuave.BustelSpotMain.LoginPage.loginToApplicationValid(LoginPage.java:22)
at com.SoftSuave.BustelSpotTest.CreateManagementTest.deleteManagementFunctionality(CreateManagementTest.java:74)
at java.base/java.util.ArrayList.forEach(ArrayList.java:1510)
... Removed 31 stack frames]]>
    </failure>
  </testcase> <!-- deleteManagementFunctionality -->
  <testcase classname="com.SoftSuave.BustelSpotMain.BaseClass" name="@BeforeSuite driverInitialization" time="0.0">
    <ignored/>
  </testcase> <!-- @BeforeSuite driverInitialization -->
  <testcase classname="com.SoftSuave.BustelSpotMain.BaseClass" name="@BeforeSuite driverInitialization" time="0.0">
    <ignored/>
  </testcase> <!-- @BeforeSuite driverInitialization -->
  <testcase classname="com.SoftSuave.BustelSpotMain.BaseClass" name="@BeforeSuite driverInitialization" time="0.0">
    <ignored/>
  </testcase> <!-- @BeforeSuite driverInitialization -->
  <testcase classname="com.SoftSuave.BustelSpotMain.BaseClass" name="@BeforeSuite driverInitialization" time="0.0">
    <ignored/>
  </testcase> <!-- @BeforeSuite driverInitialization -->
  <testcase classname="com.SoftSuave.BustelSpotMain.BaseClass" name="@BeforeSuite driverInitialization" time="0.0">
    <ignored/>
  </testcase> <!-- @BeforeSuite driverInitialization -->
  <testcase classname="com.SoftSuave.BustelSpotMain.BaseClass" name="@BeforeSuite driverInitialization" time="0.0">
    <ignored/>
  </testcase> <!-- @BeforeSuite driverInitialization -->
  <testcase classname="com.SoftSuave.BustelSpotMain.BaseClass" name="@BeforeSuite driverInitialization" time="0.0">
    <ignored/>
  </testcase> <!-- @BeforeSuite driverInitialization -->
  <testcase classname="com.SoftSuave.BustelSpotMain.BaseClass" name="@BeforeSuite driverInitialization" time="0.0">
    <ignored/>
  </testcase> <!-- @BeforeSuite driverInitialization -->
  <testcase classname="com.SoftSuave.BustelSpotMain.BaseClass" name="@BeforeSuite driverInitialization" time="0.0">
    <ignored/>
  </testcase> <!-- @BeforeSuite driverInitialization -->
  <testcase classname="com.SoftSuave.BustelSpotMain.BaseClass" name="@BeforeSuite driverInitialization" time="0.0">
    <ignored/>
  </testcase> <!-- @BeforeSuite driverInitialization -->
  <testcase classname="com.SoftSuave.BustelSpotMain.BaseClass" name="@BeforeSuite driverInitialization" time="0.0">
    <ignored/>
  </testcase> <!-- @BeforeSuite driverInitialization -->
  <testcase classname="com.SoftSuave.BustelSpotMain.BaseClass" name="@AfterSuite close" time="0.0">
    <ignored/>
  </testcase> <!-- @AfterSuite close -->
  <testcase classname="com.SoftSuave.BustelSpotMain.BaseClass" name="@AfterSuite close" time="0.0">
    <ignored/>
  </testcase> <!-- @AfterSuite close -->
  <testcase classname="com.SoftSuave.BustelSpotMain.BaseClass" name="@AfterSuite close" time="0.0">
    <ignored/>
  </testcase> <!-- @AfterSuite close -->
  <testcase classname="com.SoftSuave.BustelSpotMain.BaseClass" name="@AfterSuite close" time="0.0">
    <ignored/>
  </testcase> <!-- @AfterSuite close -->
  <testcase classname="com.SoftSuave.BustelSpotMain.BaseClass" name="@AfterSuite close" time="0.0">
    <ignored/>
  </testcase> <!-- @AfterSuite close -->
  <testcase classname="com.SoftSuave.BustelSpotMain.BaseClass" name="@AfterSuite close" time="0.0">
    <ignored/>
  </testcase> <!-- @AfterSuite close -->
  <testcase classname="com.SoftSuave.BustelSpotMain.BaseClass" name="@AfterSuite close" time="0.0">
    <ignored/>
  </testcase> <!-- @AfterSuite close -->
  <testcase classname="com.SoftSuave.BustelSpotMain.BaseClass" name="@AfterSuite close" time="0.0">
    <ignored/>
  </testcase> <!-- @AfterSuite close -->
  <testcase classname="com.SoftSuave.BustelSpotMain.BaseClass" name="@AfterSuite close" time="0.0">
    <ignored/>
  </testcase> <!-- @AfterSuite close -->
  <testcase classname="com.SoftSuave.BustelSpotMain.BaseClass" name="@AfterSuite close" time="0.0">
    <ignored/>
  </testcase> <!-- @AfterSuite close -->
  <testcase classname="com.SoftSuave.BustelSpotMain.BaseClass" name="@AfterSuite close" time="0.0">
    <ignored/>
  </testcase> <!-- @AfterSuite close -->
</testsuite> <!-- Test -->
